INFO - 2023-04-20 03:22:02 --> Session: Class initialized using 'CodeIgniter\Session\Handlers\FileHandler' driver.
INFO - 2023-04-20 03:22:02 --> Session: Class initialized using 'CodeIgniter\Session\Handlers\FileHandler' driver.
INFO - 2023-04-20 03:22:05 --> Session: Class initialized using 'CodeIgniter\Session\Handlers\FileHandler' driver.
INFO - 2023-04-20 03:22:07 --> Session: Class initialized using 'CodeIgniter\Session\Handlers\FileHandler' driver.
CRITICAL - 2023-04-20 03:22:17 --> Trying to access array offset on value of type null
in APPPATH\Views\factures\pages\editFacture.php on line 25.
 1 APPPATH\Views\factures\pages\editFacture.php(25): CodeIgniter\Debug\Exceptions->errorHandler(2, 'Trying to access array offset on value of type null', 'APPPATH\\Views\\factures\\pages\\editFacture.php', 25)
 2 SYSTEMPATH\View\View.php(213): include('APPPATH\\Views\\factures\\pages\\editFacture.php')
 3 SYSTEMPATH\View\View.php(216): CodeIgniter\View\View->CodeIgniter\View\{closure}()
 4 SYSTEMPATH\Common.php(1184): CodeIgniter\View\View->render('factures/pages/editFacture', [], true)
 5 APPPATH\Controllers\FactureController.php(146): view('factures/pages/editFacture', [...])
 6 SYSTEMPATH\CodeIgniter.php(934): App\Controllers\FactureController->editFacture('10', 'logofms.png')
 7 SYSTEMPATH\CodeIgniter.php(499): CodeIgniter\CodeIgniter->runController(Object(App\Controllers\FactureController))
 8 SYSTEMPATH\CodeIgniter.php(368): CodeIgniter\CodeIgniter->handleRequest(null, Object(Config\Cache), false)
 9 FCPATH\index.php(68): CodeIgniter\CodeIgniter->run()
10 SYSTEMPATH\Commands\Server\rewrite.php(47): require_once('FCPATH\\index.php')
INFO - 2023-04-20 03:22:23 --> Session: Class initialized using 'CodeIgniter\Session\Handlers\FileHandler' driver.
INFO - 2023-04-20 03:22:28 --> Session: Class initialized using 'CodeIgniter\Session\Handlers\FileHandler' driver.
INFO - 2023-04-20 03:22:34 --> Session: Class initialized using 'CodeIgniter\Session\Handlers\FileHandler' driver.
INFO - 2023-04-20 03:22:36 --> Session: Class initialized using 'CodeIgniter\Session\Handlers\FileHandler' driver.
INFO - 2023-04-20 03:23:43 --> Session: Class initialized using 'CodeIgniter\Session\Handlers\FileHandler' driver.
INFO - 2023-04-20 03:23:43 --> Session: Class initialized using 'CodeIgniter\Session\Handlers\FileHandler' driver.
ERROR - 2023-04-20 03:24:03 --> mysqli_sql_exception: Cannot delete or update a parent row: a foreign key constraint fails (`gestionfacture`.`paiment`, CONSTRAINT `paiment_id_facture_foreign` FOREIGN KEY (`id_facture`) REFERENCES `facture` (`id_facture`)) in C:\xampp\htdocs\codeigniter\second_app\system\Database\MySQLi\Connection.php:295
Stack trace:
#0 C:\xampp\htdocs\codeigniter\second_app\system\Database\MySQLi\Connection.php(295): mysqli->query('DELETE FROM `fa...', 0)
#1 C:\xampp\htdocs\codeigniter\second_app\system\Database\BaseConnection.php(691): CodeIgniter\Database\MySQLi\Connection->execute('DELETE FROM `fa...')
#2 C:\xampp\htdocs\codeigniter\second_app\system\Database\BaseConnection.php(605): CodeIgniter\Database\BaseConnection->simpleQuery('DELETE FROM `fa...')
#3 C:\xampp\htdocs\codeigniter\second_app\system\Database\BaseBuilder.php(2791): CodeIgniter\Database\BaseConnection->query('DELETE FROM `fa...', Array, false)
#4 C:\xampp\htdocs\codeigniter\second_app\system\Model.php(456): CodeIgniter\Database\BaseBuilder->delete()
#5 C:\xampp\htdocs\codeigniter\second_app\system\BaseModel.php(1065): CodeIgniter\Model->doDelete(NULL, false)
#6 C:\xampp\htdocs\codeigniter\second_app\app\Controllers\AddClientController.php(77): CodeIgniter\BaseModel->delete()
#7 C:\xampp\htdocs\codeigniter\second_app\system\CodeIgniter.php(934): App\Controllers\AddClientController->delete('2')
#8 C:\xampp\htdocs\codeigniter\second_app\system\CodeIgniter.php(499): CodeIgniter\CodeIgniter->runController(Object(App\Controllers\AddClientController))
#9 C:\xampp\htdocs\codeigniter\second_app\system\CodeIgniter.php(368): CodeIgniter\CodeIgniter->handleRequest(NULL, Object(Config\Cache), false)
#10 C:\xampp\htdocs\codeigniter\second_app\public\index.php(68): CodeIgniter\CodeIgniter->run()
#11 C:\xampp\htdocs\codeigniter\second_app\system\Commands\Server\rewrite.php(47): require_once('C:\\xampp\\htdocs...')
#12 {main}
CRITICAL - 2023-04-20 03:24:03 --> Cannot delete or update a parent row: a foreign key constraint fails (`gestionfacture`.`paiment`, CONSTRAINT `paiment_id_facture_foreign` FOREIGN KEY (`id_facture`) REFERENCES `facture` (`id_facture`))
in SYSTEMPATH\Database\BaseConnection.php on line 645.
 1 SYSTEMPATH\Database\BaseBuilder.php(2791): CodeIgniter\Database\BaseConnection->query('DELETE FROM `facture`
WHERE `id_client` = :id_client:', [...], false)
 2 SYSTEMPATH\Model.php(456): CodeIgniter\Database\BaseBuilder->delete()
 3 SYSTEMPATH\BaseModel.php(1065): CodeIgniter\Model->doDelete(null, false)
 4 APPPATH\Controllers\AddClientController.php(77): CodeIgniter\BaseModel->delete()
 5 SYSTEMPATH\CodeIgniter.php(934): App\Controllers\AddClientController->delete('2')
 6 SYSTEMPATH\CodeIgniter.php(499): CodeIgniter\CodeIgniter->runController(Object(App\Controllers\AddClientController))
 7 SYSTEMPATH\CodeIgniter.php(368): CodeIgniter\CodeIgniter->handleRequest(null, Object(Config\Cache), false)
 8 FCPATH\index.php(68): CodeIgniter\CodeIgniter->run()
 9 SYSTEMPATH\Commands\Server\rewrite.php(47): require_once('FCPATH\\index.php')
ERROR - 2023-04-20 03:25:34 --> mysqli_sql_exception: Cannot delete or update a parent row: a foreign key constraint fails (`gestionfacture`.`facture`, CONSTRAINT `facture_id_client_foreign` FOREIGN KEY (`id_client`) REFERENCES `client` (`id_client`)) in C:\xampp\htdocs\codeigniter\second_app\system\Database\MySQLi\Connection.php:295
Stack trace:
#0 C:\xampp\htdocs\codeigniter\second_app\system\Database\MySQLi\Connection.php(295): mysqli->query('DELETE FROM `cl...', 0)
#1 C:\xampp\htdocs\codeigniter\second_app\system\Database\BaseConnection.php(691): CodeIgniter\Database\MySQLi\Connection->execute('DELETE FROM `cl...')
#2 C:\xampp\htdocs\codeigniter\second_app\system\Database\BaseConnection.php(605): CodeIgniter\Database\BaseConnection->simpleQuery('DELETE FROM `cl...')
#3 C:\xampp\htdocs\codeigniter\second_app\system\Database\BaseBuilder.php(2791): CodeIgniter\Database\BaseConnection->query('DELETE FROM `cl...', Array, false)
#4 C:\xampp\htdocs\codeigniter\second_app\system\Model.php(456): CodeIgniter\Database\BaseBuilder->delete()
#5 C:\xampp\htdocs\codeigniter\second_app\system\BaseModel.php(1065): CodeIgniter\Model->doDelete(NULL, false)
#6 C:\xampp\htdocs\codeigniter\second_app\app\Controllers\AddClientController.php(90): CodeIgniter\BaseModel->delete()
#7 C:\xampp\htdocs\codeigniter\second_app\system\CodeIgniter.php(934): App\Controllers\AddClientController->delete('2')
#8 C:\xampp\htdocs\codeigniter\second_app\system\CodeIgniter.php(499): CodeIgniter\CodeIgniter->runController(Object(App\Controllers\AddClientController))
#9 C:\xampp\htdocs\codeigniter\second_app\system\CodeIgniter.php(368): CodeIgniter\CodeIgniter->handleRequest(NULL, Object(Config\Cache), false)
#10 C:\xampp\htdocs\codeigniter\second_app\public\index.php(68): CodeIgniter\CodeIgniter->run()
#11 C:\xampp\htdocs\codeigniter\second_app\system\Commands\Server\rewrite.php(47): require_once('C:\\xampp\\htdocs...')
#12 {main}
CRITICAL - 2023-04-20 03:25:34 --> Cannot delete or update a parent row: a foreign key constraint fails (`gestionfacture`.`facture`, CONSTRAINT `facture_id_client_foreign` FOREIGN KEY (`id_client`) REFERENCES `client` (`id_client`))
in SYSTEMPATH\Database\BaseConnection.php on line 645.
 1 SYSTEMPATH\Database\BaseBuilder.php(2791): CodeIgniter\Database\BaseConnection->query('DELETE FROM `client`
WHERE `id_client` = :id_client:', [...], false)
 2 SYSTEMPATH\Model.php(456): CodeIgniter\Database\BaseBuilder->delete()
 3 SYSTEMPATH\BaseModel.php(1065): CodeIgniter\Model->doDelete(null, false)
 4 APPPATH\Controllers\AddClientController.php(90): CodeIgniter\BaseModel->delete()
 5 SYSTEMPATH\CodeIgniter.php(934): App\Controllers\AddClientController->delete('2')
 6 SYSTEMPATH\CodeIgniter.php(499): CodeIgniter\CodeIgniter->runController(Object(App\Controllers\AddClientController))
 7 SYSTEMPATH\CodeIgniter.php(368): CodeIgniter\CodeIgniter->handleRequest(null, Object(Config\Cache), false)
 8 FCPATH\index.php(68): CodeIgniter\CodeIgniter->run()
 9 SYSTEMPATH\Commands\Server\rewrite.php(47): require_once('FCPATH\\index.php')
INFO - 2023-04-20 03:29:46 --> Session: Class initialized using 'CodeIgniter\Session\Handlers\FileHandler' driver.
INFO - 2023-04-20 03:29:49 --> Session: Class initialized using 'CodeIgniter\Session\Handlers\FileHandler' driver.
ERROR - 2023-04-20 03:30:35 --> mysqli_sql_exception: Cannot delete or update a parent row: a foreign key constraint fails (`gestionfacture`.`facture`, CONSTRAINT `facture_id_client_foreign` FOREIGN KEY (`id_client`) REFERENCES `client` (`id_client`)) in C:\xampp\htdocs\codeigniter\second_app\system\Database\MySQLi\Connection.php:295
Stack trace:
#0 C:\xampp\htdocs\codeigniter\second_app\system\Database\MySQLi\Connection.php(295): mysqli->query('DELETE FROM `cl...', 0)
#1 C:\xampp\htdocs\codeigniter\second_app\system\Database\BaseConnection.php(691): CodeIgniter\Database\MySQLi\Connection->execute('DELETE FROM `cl...')
#2 C:\xampp\htdocs\codeigniter\second_app\system\Database\BaseConnection.php(605): CodeIgniter\Database\BaseConnection->simpleQuery('DELETE FROM `cl...')
#3 C:\xampp\htdocs\codeigniter\second_app\system\Database\BaseBuilder.php(2791): CodeIgniter\Database\BaseConnection->query('DELETE FROM `cl...', Array, false)
#4 C:\xampp\htdocs\codeigniter\second_app\system\Model.php(456): CodeIgniter\Database\BaseBuilder->delete()
#5 C:\xampp\htdocs\codeigniter\second_app\system\BaseModel.php(1065): CodeIgniter\Model->doDelete(NULL, false)
#6 C:\xampp\htdocs\codeigniter\second_app\app\Controllers\AddClientController.php(90): CodeIgniter\BaseModel->delete()
#7 C:\xampp\htdocs\codeigniter\second_app\system\CodeIgniter.php(934): App\Controllers\AddClientController->delete('2')
#8 C:\xampp\htdocs\codeigniter\second_app\system\CodeIgniter.php(499): CodeIgniter\CodeIgniter->runController(Object(App\Controllers\AddClientController))
#9 C:\xampp\htdocs\codeigniter\second_app\system\CodeIgniter.php(368): CodeIgniter\CodeIgniter->handleRequest(NULL, Object(Config\Cache), false)
#10 C:\xampp\htdocs\codeigniter\second_app\public\index.php(68): CodeIgniter\CodeIgniter->run()
#11 C:\xampp\htdocs\codeigniter\second_app\system\Commands\Server\rewrite.php(47): require_once('C:\\xampp\\htdocs...')
#12 {main}
CRITICAL - 2023-04-20 03:30:35 --> Cannot delete or update a parent row: a foreign key constraint fails (`gestionfacture`.`facture`, CONSTRAINT `facture_id_client_foreign` FOREIGN KEY (`id_client`) REFERENCES `client` (`id_client`))
in SYSTEMPATH\Database\BaseConnection.php on line 645.
 1 SYSTEMPATH\Database\BaseBuilder.php(2791): CodeIgniter\Database\BaseConnection->query('DELETE FROM `client`
WHERE `id_client` = :id_client:', [...], false)
 2 SYSTEMPATH\Model.php(456): CodeIgniter\Database\BaseBuilder->delete()
 3 SYSTEMPATH\BaseModel.php(1065): CodeIgniter\Model->doDelete(null, false)
 4 APPPATH\Controllers\AddClientController.php(90): CodeIgniter\BaseModel->delete()
 5 SYSTEMPATH\CodeIgniter.php(934): App\Controllers\AddClientController->delete('2')
 6 SYSTEMPATH\CodeIgniter.php(499): CodeIgniter\CodeIgniter->runController(Object(App\Controllers\AddClientController))
 7 SYSTEMPATH\CodeIgniter.php(368): CodeIgniter\CodeIgniter->handleRequest(null, Object(Config\Cache), false)
 8 FCPATH\index.php(68): CodeIgniter\CodeIgniter->run()
 9 SYSTEMPATH\Commands\Server\rewrite.php(47): require_once('FCPATH\\index.php')
ERROR - 2023-04-20 03:33:51 --> mysqli_sql_exception: Cannot delete or update a parent row: a foreign key constraint fails (`gestionfacture`.`paiment`, CONSTRAINT `paiment_id_facture_foreign` FOREIGN KEY (`id_facture`) REFERENCES `facture` (`id_facture`)) in C:\xampp\htdocs\codeigniter\second_app\system\Database\MySQLi\Connection.php:295
Stack trace:
#0 C:\xampp\htdocs\codeigniter\second_app\system\Database\MySQLi\Connection.php(295): mysqli->query('DELETE FROM `fa...', 0)
#1 C:\xampp\htdocs\codeigniter\second_app\system\Database\BaseConnection.php(691): CodeIgniter\Database\MySQLi\Connection->execute('DELETE FROM `fa...')
#2 C:\xampp\htdocs\codeigniter\second_app\system\Database\BaseConnection.php(605): CodeIgniter\Database\BaseConnection->simpleQuery('DELETE FROM `fa...')
#3 C:\xampp\htdocs\codeigniter\second_app\system\Database\BaseBuilder.php(2791): CodeIgniter\Database\BaseConnection->query('DELETE FROM `fa...', Array, false)
#4 C:\xampp\htdocs\codeigniter\second_app\system\Model.php(456): CodeIgniter\Database\BaseBuilder->delete()
#5 C:\xampp\htdocs\codeigniter\second_app\system\BaseModel.php(1065): CodeIgniter\Model->doDelete(NULL, false)
#6 C:\xampp\htdocs\codeigniter\second_app\app\Controllers\AddClientController.php(91): CodeIgniter\BaseModel->delete()
#7 C:\xampp\htdocs\codeigniter\second_app\system\CodeIgniter.php(934): App\Controllers\AddClientController->delete('2')
#8 C:\xampp\htdocs\codeigniter\second_app\system\CodeIgniter.php(499): CodeIgniter\CodeIgniter->runController(Object(App\Controllers\AddClientController))
#9 C:\xampp\htdocs\codeigniter\second_app\system\CodeIgniter.php(368): CodeIgniter\CodeIgniter->handleRequest(NULL, Object(Config\Cache), false)
#10 C:\xampp\htdocs\codeigniter\second_app\public\index.php(68): CodeIgniter\CodeIgniter->run()
#11 C:\xampp\htdocs\codeigniter\second_app\system\Commands\Server\rewrite.php(47): require_once('C:\\xampp\\htdocs...')
#12 {main}
CRITICAL - 2023-04-20 03:33:51 --> Cannot delete or update a parent row: a foreign key constraint fails (`gestionfacture`.`paiment`, CONSTRAINT `paiment_id_facture_foreign` FOREIGN KEY (`id_facture`) REFERENCES `facture` (`id_facture`))
in SYSTEMPATH\Database\BaseConnection.php on line 645.
 1 SYSTEMPATH\Database\BaseBuilder.php(2791): CodeIgniter\Database\BaseConnection->query('DELETE FROM `facture`
WHERE `id_client` = :id_client:', [...], false)
 2 SYSTEMPATH\Model.php(456): CodeIgniter\Database\BaseBuilder->delete()
 3 SYSTEMPATH\BaseModel.php(1065): CodeIgniter\Model->doDelete(null, false)
 4 APPPATH\Controllers\AddClientController.php(91): CodeIgniter\BaseModel->delete()
 5 SYSTEMPATH\CodeIgniter.php(934): App\Controllers\AddClientController->delete('2')
 6 SYSTEMPATH\CodeIgniter.php(499): CodeIgniter\CodeIgniter->runController(Object(App\Controllers\AddClientController))
 7 SYSTEMPATH\CodeIgniter.php(368): CodeIgniter\CodeIgniter->handleRequest(null, Object(Config\Cache), false)
 8 FCPATH\index.php(68): CodeIgniter\CodeIgniter->run()
 9 SYSTEMPATH\Commands\Server\rewrite.php(47): require_once('FCPATH\\index.php')
ERROR - 2023-04-20 03:37:51 --> mysqli_sql_exception: Unknown column 'facture.id_client' in 'where clause' in C:\xampp\htdocs\codeigniter\second_app\system\Database\MySQLi\Connection.php:295
Stack trace:
#0 C:\xampp\htdocs\codeigniter\second_app\system\Database\MySQLi\Connection.php(295): mysqli->query('DELETE FROM `pa...', 0)
#1 C:\xampp\htdocs\codeigniter\second_app\system\Database\BaseConnection.php(691): CodeIgniter\Database\MySQLi\Connection->execute('DELETE FROM `pa...')
#2 C:\xampp\htdocs\codeigniter\second_app\system\Database\BaseConnection.php(605): CodeIgniter\Database\BaseConnection->simpleQuery('DELETE FROM `pa...')
#3 C:\xampp\htdocs\codeigniter\second_app\system\Database\BaseBuilder.php(2791): CodeIgniter\Database\BaseConnection->query('DELETE FROM `pa...', Array, false)
#4 C:\xampp\htdocs\codeigniter\second_app\system\Model.php(456): CodeIgniter\Database\BaseBuilder->delete()
#5 C:\xampp\htdocs\codeigniter\second_app\system\BaseModel.php(1065): CodeIgniter\Model->doDelete(NULL, false)
#6 C:\xampp\htdocs\codeigniter\second_app\app\Controllers\AddClientController.php(91): CodeIgniter\BaseModel->delete()
#7 C:\xampp\htdocs\codeigniter\second_app\system\CodeIgniter.php(934): App\Controllers\AddClientController->delete('2')
#8 C:\xampp\htdocs\codeigniter\second_app\system\CodeIgniter.php(499): CodeIgniter\CodeIgniter->runController(Object(App\Controllers\AddClientController))
#9 C:\xampp\htdocs\codeigniter\second_app\system\CodeIgniter.php(368): CodeIgniter\CodeIgniter->handleRequest(NULL, Object(Config\Cache), false)
#10 C:\xampp\htdocs\codeigniter\second_app\public\index.php(68): CodeIgniter\CodeIgniter->run()
#11 C:\xampp\htdocs\codeigniter\second_app\system\Commands\Server\rewrite.php(47): require_once('C:\\xampp\\htdocs...')
#12 {main}
CRITICAL - 2023-04-20 03:37:51 --> Unknown column 'facture.id_client' in 'where clause'
in SYSTEMPATH\Database\BaseConnection.php on line 645.
 1 SYSTEMPATH\Database\BaseBuilder.php(2791): CodeIgniter\Database\BaseConnection->query('DELETE FROM `paiment`
WHERE `facture`.`id_client` = :facture.id_client:', [...], false)
 2 SYSTEMPATH\Model.php(456): CodeIgniter\Database\BaseBuilder->delete()
 3 SYSTEMPATH\BaseModel.php(1065): CodeIgniter\Model->doDelete(null, false)
 4 APPPATH\Controllers\AddClientController.php(91): CodeIgniter\BaseModel->delete()
 5 SYSTEMPATH\CodeIgniter.php(934): App\Controllers\AddClientController->delete('2')
 6 SYSTEMPATH\CodeIgniter.php(499): CodeIgniter\CodeIgniter->runController(Object(App\Controllers\AddClientController))
 7 SYSTEMPATH\CodeIgniter.php(368): CodeIgniter\CodeIgniter->handleRequest(null, Object(Config\Cache), false)
 8 FCPATH\index.php(68): CodeIgniter\CodeIgniter->run()
 9 SYSTEMPATH\Commands\Server\rewrite.php(47): require_once('FCPATH\\index.php')
INFO - 2023-04-20 03:42:52 --> Session: Class initialized using 'CodeIgniter\Session\Handlers\FileHandler' driver.
INFO - 2023-04-20 03:43:00 --> Session: Class initialized using 'CodeIgniter\Session\Handlers\FileHandler' driver.
INFO - 2023-04-20 03:43:16 --> Session: Class initialized using 'CodeIgniter\Session\Handlers\FileHandler' driver.
INFO - 2023-04-20 03:43:17 --> Session: Class initialized using 'CodeIgniter\Session\Handlers\FileHandler' driver.
INFO - 2023-04-20 03:44:04 --> Session: Class initialized using 'CodeIgniter\Session\Handlers\FileHandler' driver.
INFO - 2023-04-20 03:44:05 --> Session: Class initialized using 'CodeIgniter\Session\Handlers\FileHandler' driver.
INFO - 2023-04-20 03:44:28 --> Session: Class initialized using 'CodeIgniter\Session\Handlers\FileHandler' driver.
INFO - 2023-04-20 03:44:28 --> Session: Class initialized using 'CodeIgniter\Session\Handlers\FileHandler' driver.
INFO - 2023-04-20 03:44:34 --> Session: Class initialized using 'CodeIgniter\Session\Handlers\FileHandler' driver.
INFO - 2023-04-20 03:45:00 --> Session: Class initialized using 'CodeIgniter\Session\Handlers\FileHandler' driver.
INFO - 2023-04-20 03:45:00 --> Session: Class initialized using 'CodeIgniter\Session\Handlers\FileHandler' driver.
ERROR - 2023-04-20 03:45:09 --> mysqli_sql_exception: Cannot delete or update a parent row: a foreign key constraint fails (`gestionfacture`.`paiment`, CONSTRAINT `paiment_id_facture_foreign` FOREIGN KEY (`id_facture`) REFERENCES `facture` (`id_facture`)) in C:\xampp\htdocs\codeigniter\second_app\system\Database\MySQLi\Connection.php:295
Stack trace:
#0 C:\xampp\htdocs\codeigniter\second_app\system\Database\MySQLi\Connection.php(295): mysqli->query('DELETE FROM `fa...', 0)
#1 C:\xampp\htdocs\codeigniter\second_app\system\Database\BaseConnection.php(691): CodeIgniter\Database\MySQLi\Connection->execute('DELETE FROM `fa...')
#2 C:\xampp\htdocs\codeigniter\second_app\system\Database\BaseConnection.php(605): CodeIgniter\Database\BaseConnection->simpleQuery('DELETE FROM `fa...')
#3 C:\xampp\htdocs\codeigniter\second_app\system\Database\BaseBuilder.php(2791): CodeIgniter\Database\BaseConnection->query('DELETE FROM `fa...', Array, false)
#4 C:\xampp\htdocs\codeigniter\second_app\system\Model.php(456): CodeIgniter\Database\BaseBuilder->delete()
#5 C:\xampp\htdocs\codeigniter\second_app\system\BaseModel.php(1065): CodeIgniter\Model->doDelete(NULL, false)
#6 C:\xampp\htdocs\codeigniter\second_app\app\Controllers\AddClientController.php(98): CodeIgniter\BaseModel->delete()
#7 C:\xampp\htdocs\codeigniter\second_app\system\CodeIgniter.php(934): App\Controllers\AddClientController->delete('11')
#8 C:\xampp\htdocs\codeigniter\second_app\system\CodeIgniter.php(499): CodeIgniter\CodeIgniter->runController(Object(App\Controllers\AddClientController))
#9 C:\xampp\htdocs\codeigniter\second_app\system\CodeIgniter.php(368): CodeIgniter\CodeIgniter->handleRequest(NULL, Object(Config\Cache), false)
#10 C:\xampp\htdocs\codeigniter\second_app\public\index.php(68): CodeIgniter\CodeIgniter->run()
#11 C:\xampp\htdocs\codeigniter\second_app\system\Commands\Server\rewrite.php(47): require_once('C:\\xampp\\htdocs...')
#12 {main}
CRITICAL - 2023-04-20 03:45:09 --> Cannot delete or update a parent row: a foreign key constraint fails (`gestionfacture`.`paiment`, CONSTRAINT `paiment_id_facture_foreign` FOREIGN KEY (`id_facture`) REFERENCES `facture` (`id_facture`))
in SYSTEMPATH\Database\BaseConnection.php on line 645.
 1 SYSTEMPATH\Database\BaseBuilder.php(2791): CodeIgniter\Database\BaseConnection->query('DELETE FROM `facture`
WHERE `id_client` = :id_client:', [...], false)
 2 SYSTEMPATH\Model.php(456): CodeIgniter\Database\BaseBuilder->delete()
 3 SYSTEMPATH\BaseModel.php(1065): CodeIgniter\Model->doDelete(null, false)
 4 APPPATH\Controllers\AddClientController.php(98): CodeIgniter\BaseModel->delete()
 5 SYSTEMPATH\CodeIgniter.php(934): App\Controllers\AddClientController->delete('11')
 6 SYSTEMPATH\CodeIgniter.php(499): CodeIgniter\CodeIgniter->runController(Object(App\Controllers\AddClientController))
 7 SYSTEMPATH\CodeIgniter.php(368): CodeIgniter\CodeIgniter->handleRequest(null, Object(Config\Cache), false)
 8 FCPATH\index.php(68): CodeIgniter\CodeIgniter->run()
 9 SYSTEMPATH\Commands\Server\rewrite.php(47): require_once('FCPATH\\index.php')
INFO - 2023-04-20 03:55:21 --> Session: Class initialized using 'CodeIgniter\Session\Handlers\FileHandler' driver.
INFO - 2023-04-20 03:55:51 --> Session: Class initialized using 'CodeIgniter\Session\Handlers\FileHandler' driver.
ERROR - 2023-04-20 03:59:01 --> mysqli_sql_exception: Cannot delete or update a parent row: a foreign key constraint fails (`gestionfacture`.`paiment`, CONSTRAINT `paiment_id_facture_foreign` FOREIGN KEY (`id_facture`) REFERENCES `facture` (`id_facture`)) in C:\xampp\htdocs\codeigniter\second_app\system\Database\MySQLi\Connection.php:295
Stack trace:
#0 C:\xampp\htdocs\codeigniter\second_app\system\Database\MySQLi\Connection.php(295): mysqli->query('DELETE FROM `fa...', 0)
#1 C:\xampp\htdocs\codeigniter\second_app\system\Database\BaseConnection.php(691): CodeIgniter\Database\MySQLi\Connection->execute('DELETE FROM `fa...')
#2 C:\xampp\htdocs\codeigniter\second_app\system\Database\BaseConnection.php(605): CodeIgniter\Database\BaseConnection->simpleQuery('DELETE FROM `fa...')
#3 C:\xampp\htdocs\codeigniter\second_app\system\Database\BaseBuilder.php(2791): CodeIgniter\Database\BaseConnection->query('DELETE FROM `fa...', Array, false)
#4 C:\xampp\htdocs\codeigniter\second_app\system\Model.php(456): CodeIgniter\Database\BaseBuilder->delete()
#5 C:\xampp\htdocs\codeigniter\second_app\system\BaseModel.php(1065): CodeIgniter\Model->doDelete(NULL, false)
#6 C:\xampp\htdocs\codeigniter\second_app\app\Controllers\AddClientController.php(95): CodeIgniter\BaseModel->delete()
#7 C:\xampp\htdocs\codeigniter\second_app\system\CodeIgniter.php(934): App\Controllers\AddClientController->delete('11')
#8 C:\xampp\htdocs\codeigniter\second_app\system\CodeIgniter.php(499): CodeIgniter\CodeIgniter->runController(Object(App\Controllers\AddClientController))
#9 C:\xampp\htdocs\codeigniter\second_app\system\CodeIgniter.php(368): CodeIgniter\CodeIgniter->handleRequest(NULL, Object(Config\Cache), false)
#10 C:\xampp\htdocs\codeigniter\second_app\public\index.php(68): CodeIgniter\CodeIgniter->run()
#11 C:\xampp\htdocs\codeigniter\second_app\system\Commands\Server\rewrite.php(47): require_once('C:\\xampp\\htdocs...')
#12 {main}
CRITICAL - 2023-04-20 03:59:01 --> Cannot delete or update a parent row: a foreign key constraint fails (`gestionfacture`.`paiment`, CONSTRAINT `paiment_id_facture_foreign` FOREIGN KEY (`id_facture`) REFERENCES `facture` (`id_facture`))
in SYSTEMPATH\Database\BaseConnection.php on line 645.
 1 SYSTEMPATH\Database\BaseBuilder.php(2791): CodeIgniter\Database\BaseConnection->query('DELETE FROM `facture`
WHERE `id_client` = :id_client:', [...], false)
 2 SYSTEMPATH\Model.php(456): CodeIgniter\Database\BaseBuilder->delete()
 3 SYSTEMPATH\BaseModel.php(1065): CodeIgniter\Model->doDelete(null, false)
 4 APPPATH\Controllers\AddClientController.php(95): CodeIgniter\BaseModel->delete()
 5 SYSTEMPATH\CodeIgniter.php(934): App\Controllers\AddClientController->delete('11')
 6 SYSTEMPATH\CodeIgniter.php(499): CodeIgniter\CodeIgniter->runController(Object(App\Controllers\AddClientController))
 7 SYSTEMPATH\CodeIgniter.php(368): CodeIgniter\CodeIgniter->handleRequest(null, Object(Config\Cache), false)
 8 FCPATH\index.php(68): CodeIgniter\CodeIgniter->run()
 9 SYSTEMPATH\Commands\Server\rewrite.php(47): require_once('FCPATH\\index.php')
INFO - 2023-04-20 04:00:18 --> Session: Class initialized using 'CodeIgniter\Session\Handlers\FileHandler' driver.
INFO - 2023-04-20 04:01:05 --> Session: Class initialized using 'CodeIgniter\Session\Handlers\FileHandler' driver.
INFO - 2023-04-20 04:01:50 --> Session: Class initialized using 'CodeIgniter\Session\Handlers\FileHandler' driver.
INFO - 2023-04-20 04:01:59 --> Session: Class initialized using 'CodeIgniter\Session\Handlers\FileHandler' driver.
ERROR - 2023-04-20 04:02:12 --> mysqli_sql_exception: Cannot delete or update a parent row: a foreign key constraint fails (`gestionfacture`.`paiment`, CONSTRAINT `paiment_id_facture_foreign` FOREIGN KEY (`id_facture`) REFERENCES `facture` (`id_facture`)) in C:\xampp\htdocs\codeigniter\second_app\system\Database\MySQLi\Connection.php:295
Stack trace:
#0 C:\xampp\htdocs\codeigniter\second_app\system\Database\MySQLi\Connection.php(295): mysqli->query('DELETE FROM `fa...', 0)
#1 C:\xampp\htdocs\codeigniter\second_app\system\Database\BaseConnection.php(691): CodeIgniter\Database\MySQLi\Connection->execute('DELETE FROM `fa...')
#2 C:\xampp\htdocs\codeigniter\second_app\system\Database\BaseConnection.php(605): CodeIgniter\Database\BaseConnection->simpleQuery('DELETE FROM `fa...')
#3 C:\xampp\htdocs\codeigniter\second_app\system\Database\BaseBuilder.php(2791): CodeIgniter\Database\BaseConnection->query('DELETE FROM `fa...', Array, false)
#4 C:\xampp\htdocs\codeigniter\second_app\system\Model.php(456): CodeIgniter\Database\BaseBuilder->delete()
#5 C:\xampp\htdocs\codeigniter\second_app\system\BaseModel.php(1065): CodeIgniter\Model->doDelete(NULL, false)
#6 C:\xampp\htdocs\codeigniter\second_app\app\Controllers\AddClientController.php(90): CodeIgniter\BaseModel->delete()
#7 C:\xampp\htdocs\codeigniter\second_app\system\CodeIgniter.php(934): App\Controllers\AddClientController->delete('11')
#8 C:\xampp\htdocs\codeigniter\second_app\system\CodeIgniter.php(499): CodeIgniter\CodeIgniter->runController(Object(App\Controllers\AddClientController))
#9 C:\xampp\htdocs\codeigniter\second_app\system\CodeIgniter.php(368): CodeIgniter\CodeIgniter->handleRequest(NULL, Object(Config\Cache), false)
#10 C:\xampp\htdocs\codeigniter\second_app\public\index.php(68): CodeIgniter\CodeIgniter->run()
#11 C:\xampp\htdocs\codeigniter\second_app\system\Commands\Server\rewrite.php(47): require_once('C:\\xampp\\htdocs...')
#12 {main}
CRITICAL - 2023-04-20 04:02:12 --> Cannot delete or update a parent row: a foreign key constraint fails (`gestionfacture`.`paiment`, CONSTRAINT `paiment_id_facture_foreign` FOREIGN KEY (`id_facture`) REFERENCES `facture` (`id_facture`))
in SYSTEMPATH\Database\BaseConnection.php on line 645.
 1 SYSTEMPATH\Database\BaseBuilder.php(2791): CodeIgniter\Database\BaseConnection->query('DELETE FROM `facture`
WHERE `id_client` = :id_client:', [...], false)
 2 SYSTEMPATH\Model.php(456): CodeIgniter\Database\BaseBuilder->delete()
 3 SYSTEMPATH\BaseModel.php(1065): CodeIgniter\Model->doDelete(null, false)
 4 APPPATH\Controllers\AddClientController.php(90): CodeIgniter\BaseModel->delete()
 5 SYSTEMPATH\CodeIgniter.php(934): App\Controllers\AddClientController->delete('11')
 6 SYSTEMPATH\CodeIgniter.php(499): CodeIgniter\CodeIgniter->runController(Object(App\Controllers\AddClientController))
 7 SYSTEMPATH\CodeIgniter.php(368): CodeIgniter\CodeIgniter->handleRequest(null, Object(Config\Cache), false)
 8 FCPATH\index.php(68): CodeIgniter\CodeIgniter->run()
 9 SYSTEMPATH\Commands\Server\rewrite.php(47): require_once('FCPATH\\index.php')
INFO - 2023-04-20 04:04:12 --> Session: Class initialized using 'CodeIgniter\Session\Handlers\FileHandler' driver.
ERROR - 2023-04-20 04:09:40 --> mysqli_sql_exception: Unknown column 'facture.id_client' in 'where clause' in C:\xampp\htdocs\codeigniter\second_app\system\Database\MySQLi\Connection.php:295
Stack trace:
#0 C:\xampp\htdocs\codeigniter\second_app\system\Database\MySQLi\Connection.php(295): mysqli->query('DELETE FROM `pa...', 0)
#1 C:\xampp\htdocs\codeigniter\second_app\system\Database\BaseConnection.php(691): CodeIgniter\Database\MySQLi\Connection->execute('DELETE FROM `pa...')
#2 C:\xampp\htdocs\codeigniter\second_app\system\Database\BaseConnection.php(605): CodeIgniter\Database\BaseConnection->simpleQuery('DELETE FROM `pa...')
#3 C:\xampp\htdocs\codeigniter\second_app\system\Database\BaseBuilder.php(2791): CodeIgniter\Database\BaseConnection->query('DELETE FROM `pa...', Array, false)
#4 C:\xampp\htdocs\codeigniter\second_app\system\Model.php(456): CodeIgniter\Database\BaseBuilder->delete()
#5 C:\xampp\htdocs\codeigniter\second_app\system\BaseModel.php(1065): CodeIgniter\Model->doDelete(NULL, false)
#6 C:\xampp\htdocs\codeigniter\second_app\app\Controllers\AddClientController.php(90): CodeIgniter\BaseModel->delete()
#7 C:\xampp\htdocs\codeigniter\second_app\system\CodeIgniter.php(934): App\Controllers\AddClientController->delete('11')
#8 C:\xampp\htdocs\codeigniter\second_app\system\CodeIgniter.php(499): CodeIgniter\CodeIgniter->runController(Object(App\Controllers\AddClientController))
#9 C:\xampp\htdocs\codeigniter\second_app\system\CodeIgniter.php(368): CodeIgniter\CodeIgniter->handleRequest(NULL, Object(Config\Cache), false)
#10 C:\xampp\htdocs\codeigniter\second_app\public\index.php(68): CodeIgniter\CodeIgniter->run()
#11 C:\xampp\htdocs\codeigniter\second_app\system\Commands\Server\rewrite.php(47): require_once('C:\\xampp\\htdocs...')
#12 {main}
CRITICAL - 2023-04-20 04:09:40 --> Unknown column 'facture.id_client' in 'where clause'
in SYSTEMPATH\Database\BaseConnection.php on line 645.
 1 SYSTEMPATH\Database\BaseBuilder.php(2791): CodeIgniter\Database\BaseConnection->query('DELETE FROM `paiment`
WHERE `facture`.`id_client` = :facture.id_client:', [...], false)
 2 SYSTEMPATH\Model.php(456): CodeIgniter\Database\BaseBuilder->delete()
 3 SYSTEMPATH\BaseModel.php(1065): CodeIgniter\Model->doDelete(null, false)
 4 APPPATH\Controllers\AddClientController.php(90): CodeIgniter\BaseModel->delete()
 5 SYSTEMPATH\CodeIgniter.php(934): App\Controllers\AddClientController->delete('11')
 6 SYSTEMPATH\CodeIgniter.php(499): CodeIgniter\CodeIgniter->runController(Object(App\Controllers\AddClientController))
 7 SYSTEMPATH\CodeIgniter.php(368): CodeIgniter\CodeIgniter->handleRequest(null, Object(Config\Cache), false)
 8 FCPATH\index.php(68): CodeIgniter\CodeIgniter->run()
 9 SYSTEMPATH\Commands\Server\rewrite.php(47): require_once('FCPATH\\index.php')
INFO - 2023-04-20 04:20:37 --> Session: Class initialized using 'CodeIgniter\Session\Handlers\FileHandler' driver.
INFO - 2023-04-20 04:20:57 --> Session: Class initialized using 'CodeIgniter\Session\Handlers\FileHandler' driver.
ERROR - 2023-04-20 04:21:06 --> mysqli_sql_exception: Unknown column 'client.id_client' in 'where clause' in C:\xampp\htdocs\codeigniter\second_app\system\Database\MySQLi\Connection.php:295
Stack trace:
#0 C:\xampp\htdocs\codeigniter\second_app\system\Database\MySQLi\Connection.php(295): mysqli->query('DELETE FROM `pa...', 0)
#1 C:\xampp\htdocs\codeigniter\second_app\system\Database\BaseConnection.php(691): CodeIgniter\Database\MySQLi\Connection->execute('DELETE FROM `pa...')
#2 C:\xampp\htdocs\codeigniter\second_app\system\Database\BaseConnection.php(605): CodeIgniter\Database\BaseConnection->simpleQuery('DELETE FROM `pa...')
#3 C:\xampp\htdocs\codeigniter\second_app\system\Database\BaseBuilder.php(2791): CodeIgniter\Database\BaseConnection->query('DELETE FROM `pa...', Array, false)
#4 C:\xampp\htdocs\codeigniter\second_app\system\Model.php(456): CodeIgniter\Database\BaseBuilder->delete()
#5 C:\xampp\htdocs\codeigniter\second_app\system\BaseModel.php(1065): CodeIgniter\Model->doDelete(NULL, false)
#6 C:\xampp\htdocs\codeigniter\second_app\app\Controllers\AddClientController.php(91): CodeIgniter\BaseModel->delete()
#7 C:\xampp\htdocs\codeigniter\second_app\system\CodeIgniter.php(934): App\Controllers\AddClientController->delete('11')
#8 C:\xampp\htdocs\codeigniter\second_app\system\CodeIgniter.php(499): CodeIgniter\CodeIgniter->runController(Object(App\Controllers\AddClientController))
#9 C:\xampp\htdocs\codeigniter\second_app\system\CodeIgniter.php(368): CodeIgniter\CodeIgniter->handleRequest(NULL, Object(Config\Cache), false)
#10 C:\xampp\htdocs\codeigniter\second_app\public\index.php(68): CodeIgniter\CodeIgniter->run()
#11 C:\xampp\htdocs\codeigniter\second_app\system\Commands\Server\rewrite.php(47): require_once('C:\\xampp\\htdocs...')
#12 {main}
CRITICAL - 2023-04-20 04:21:06 --> Unknown column 'client.id_client' in 'where clause'
in SYSTEMPATH\Database\BaseConnection.php on line 645.
 1 SYSTEMPATH\Database\BaseBuilder.php(2791): CodeIgniter\Database\BaseConnection->query('DELETE FROM `paiment`
WHERE `client`.`id_client` = :client.id_client:', [...], false)
 2 SYSTEMPATH\Model.php(456): CodeIgniter\Database\BaseBuilder->delete()
 3 SYSTEMPATH\BaseModel.php(1065): CodeIgniter\Model->doDelete(null, false)
 4 APPPATH\Controllers\AddClientController.php(91): CodeIgniter\BaseModel->delete()
 5 SYSTEMPATH\CodeIgniter.php(934): App\Controllers\AddClientController->delete('11')
 6 SYSTEMPATH\CodeIgniter.php(499): CodeIgniter\CodeIgniter->runController(Object(App\Controllers\AddClientController))
 7 SYSTEMPATH\CodeIgniter.php(368): CodeIgniter\CodeIgniter->handleRequest(null, Object(Config\Cache), false)
 8 FCPATH\index.php(68): CodeIgniter\CodeIgniter->run()
 9 SYSTEMPATH\Commands\Server\rewrite.php(47): require_once('FCPATH\\index.php')
INFO - 2023-04-20 04:23:03 --> Session: Class initialized using 'CodeIgniter\Session\Handlers\FileHandler' driver.
CRITICAL - 2023-04-20 04:23:10 --> Class "App\Models\ClientModel" not found
in APPPATH\Controllers\AddClientController.php on line 71.
 1 SYSTEMPATH\CodeIgniter.php(934): App\Controllers\AddClientController->delete('11')
 2 SYSTEMPATH\CodeIgniter.php(499): CodeIgniter\CodeIgniter->runController(Object(App\Controllers\AddClientController))
 3 SYSTEMPATH\CodeIgniter.php(368): CodeIgniter\CodeIgniter->handleRequest(null, Object(Config\Cache), false)
 4 FCPATH\index.php(68): CodeIgniter\CodeIgniter->run()
 5 SYSTEMPATH\Commands\Server\rewrite.php(47): require_once('FCPATH\\index.php')
INFO - 2023-04-20 04:24:27 --> Session: Class initialized using 'CodeIgniter\Session\Handlers\FileHandler' driver.
ERROR - 2023-04-20 04:25:24 --> mysqli_sql_exception: Unknown column 'facture.id_client' in 'where clause' in C:\xampp\htdocs\codeigniter\second_app\system\Database\MySQLi\Connection.php:295
Stack trace:
#0 C:\xampp\htdocs\codeigniter\second_app\system\Database\MySQLi\Connection.php(295): mysqli->query('DELETE FROM `pa...', 0)
#1 C:\xampp\htdocs\codeigniter\second_app\system\Database\BaseConnection.php(691): CodeIgniter\Database\MySQLi\Connection->execute('DELETE FROM `pa...')
#2 C:\xampp\htdocs\codeigniter\second_app\system\Database\BaseConnection.php(605): CodeIgniter\Database\BaseConnection->simpleQuery('DELETE FROM `pa...')
#3 C:\xampp\htdocs\codeigniter\second_app\system\Database\BaseBuilder.php(2791): CodeIgniter\Database\BaseConnection->query('DELETE FROM `pa...', Array, false)
#4 C:\xampp\htdocs\codeigniter\second_app\system\Model.php(456): CodeIgniter\Database\BaseBuilder->delete()
#5 C:\xampp\htdocs\codeigniter\second_app\system\BaseModel.php(1065): CodeIgniter\Model->doDelete(NULL, false)
#6 C:\xampp\htdocs\codeigniter\second_app\app\Controllers\AddClientController.php(91): CodeIgniter\BaseModel->delete()
#7 C:\xampp\htdocs\codeigniter\second_app\system\CodeIgniter.php(934): App\Controllers\AddClientController->delete('11')
#8 C:\xampp\htdocs\codeigniter\second_app\system\CodeIgniter.php(499): CodeIgniter\CodeIgniter->runController(Object(App\Controllers\AddClientController))
#9 C:\xampp\htdocs\codeigniter\second_app\system\CodeIgniter.php(368): CodeIgniter\CodeIgniter->handleRequest(NULL, Object(Config\Cache), false)
#10 C:\xampp\htdocs\codeigniter\second_app\public\index.php(68): CodeIgniter\CodeIgniter->run()
#11 C:\xampp\htdocs\codeigniter\second_app\system\Commands\Server\rewrite.php(47): require_once('C:\\xampp\\htdocs...')
#12 {main}
CRITICAL - 2023-04-20 04:25:24 --> Unknown column 'facture.id_client' in 'where clause'
in SYSTEMPATH\Database\BaseConnection.php on line 645.
 1 SYSTEMPATH\Database\BaseBuilder.php(2791): CodeIgniter\Database\BaseConnection->query('DELETE FROM `paiment`
WHERE `facture`.`id_client` = :facture.id_client:', [...], false)
 2 SYSTEMPATH\Model.php(456): CodeIgniter\Database\BaseBuilder->delete()
 3 SYSTEMPATH\BaseModel.php(1065): CodeIgniter\Model->doDelete(null, false)
 4 APPPATH\Controllers\AddClientController.php(91): CodeIgniter\BaseModel->delete()
 5 SYSTEMPATH\CodeIgniter.php(934): App\Controllers\AddClientController->delete('11')
 6 SYSTEMPATH\CodeIgniter.php(499): CodeIgniter\CodeIgniter->runController(Object(App\Controllers\AddClientController))
 7 SYSTEMPATH\CodeIgniter.php(368): CodeIgniter\CodeIgniter->handleRequest(null, Object(Config\Cache), false)
 8 FCPATH\index.php(68): CodeIgniter\CodeIgniter->run()
 9 SYSTEMPATH\Commands\Server\rewrite.php(47): require_once('FCPATH\\index.php')
INFO - 2023-04-20 16:37:53 --> Session: Class initialized using 'CodeIgniter\Session\Handlers\FileHandler' driver.
INFO - 2023-04-20 16:37:53 --> Session: Class initialized using 'CodeIgniter\Session\Handlers\FileHandler' driver.
INFO - 2023-04-20 16:39:46 --> Session: Class initialized using 'CodeIgniter\Session\Handlers\FileHandler' driver.
INFO - 2023-04-20 16:40:23 --> Session: Class initialized using 'CodeIgniter\Session\Handlers\FileHandler' driver.
INFO - 2023-04-20 16:40:38 --> Session: Class initialized using 'CodeIgniter\Session\Handlers\FileHandler' driver.
INFO - 2023-04-20 16:56:02 --> Session: Class initialized using 'CodeIgniter\Session\Handlers\FileHandler' driver.
CRITICAL - 2023-04-20 16:56:02 --> Undefined variable $list
in APPPATH\Views\factures\pages\home.php on line 95.
 1 APPPATH\Views\factures\pages\home.php(95): CodeIgniter\Debug\Exceptions->errorHandler(2, 'Undefined variable $list', 'APPPATH\\Views\\factures\\pages\\home.php', 95)
 2 SYSTEMPATH\View\View.php(213): include('APPPATH\\Views\\factures\\pages\\home.php')
 3 SYSTEMPATH\View\View.php(216): CodeIgniter\View\View->CodeIgniter\View\{closure}()
 4 SYSTEMPATH\Common.php(1184): CodeIgniter\View\View->render('factures/pages/home', [], true)
 5 APPPATH\Controllers\FactureController.php(69): view('factures/pages/home', [...])
 6 SYSTEMPATH\CodeIgniter.php(934): App\Controllers\FactureController->index()
 7 SYSTEMPATH\CodeIgniter.php(499): CodeIgniter\CodeIgniter->runController(Object(App\Controllers\FactureController))
 8 SYSTEMPATH\CodeIgniter.php(368): CodeIgniter\CodeIgniter->handleRequest(null, Object(Config\Cache), false)
 9 FCPATH\index.php(68): CodeIgniter\CodeIgniter->run()
10 SYSTEMPATH\Commands\Server\rewrite.php(47): require_once('FCPATH\\index.php')
INFO - 2023-04-20 16:56:27 --> Session: Class initialized using 'CodeIgniter\Session\Handlers\FileHandler' driver.
CRITICAL - 2023-04-20 16:57:31 --> Trying to access array offset on value of type null
in APPPATH\Views\devis\modifierdevis.php on line 15.
 1 APPPATH\Views\devis\modifierdevis.php(15): CodeIgniter\Debug\Exceptions->errorHandler(2, 'Trying to access array offset on value of type null', 'APPPATH\\Views\\devis\\modifierdevis.php', 15)
 2 SYSTEMPATH\View\View.php(213): include('APPPATH\\Views\\devis\\modifierdevis.php')
 3 SYSTEMPATH\View\View.php(216): CodeIgniter\View\View->CodeIgniter\View\{closure}()
 4 SYSTEMPATH\Common.php(1184): CodeIgniter\View\View->render('devis/modifierdevis', [], true)
 5 APPPATH\Controllers\DevisController.php(206): view('devis/modifierdevis', [...])
 6 SYSTEMPATH\CodeIgniter.php(934): App\Controllers\DevisController->edit('logofms.png')
 7 SYSTEMPATH\CodeIgniter.php(499): CodeIgniter\CodeIgniter->runController(Object(App\Controllers\DevisController))
 8 SYSTEMPATH\CodeIgniter.php(368): CodeIgniter\CodeIgniter->handleRequest(null, Object(Config\Cache), false)
 9 FCPATH\index.php(68): CodeIgniter\CodeIgniter->run()
10 SYSTEMPATH\Commands\Server\rewrite.php(47): require_once('FCPATH\\index.php')
CRITICAL - 2023-04-20 17:09:52 --> Undefined variable $liste
in APPPATH\Views\devis\listeservice.php on line 31.
 1 APPPATH\Views\devis\listeservice.php(31): CodeIgniter\Debug\Exceptions->errorHandler(2, 'Undefined variable $liste', 'APPPATH\\Views\\devis\\listeservice.php', 31)
 2 SYSTEMPATH\View\View.php(213): include('APPPATH\\Views\\devis\\listeservice.php')
 3 SYSTEMPATH\View\View.php(216): CodeIgniter\View\View->CodeIgniter\View\{closure}()
 4 SYSTEMPATH\Common.php(1184): CodeIgniter\View\View->render('devis/listeservice', [], true)
 5 APPPATH\Controllers\ServiceController.php(28): view('devis/listeservice')
 6 SYSTEMPATH\CodeIgniter.php(934): App\Controllers\ServiceController->store()
 7 SYSTEMPATH\CodeIgniter.php(499): CodeIgniter\CodeIgniter->runController(Object(App\Controllers\ServiceController))
 8 SYSTEMPATH\CodeIgniter.php(368): CodeIgniter\CodeIgniter->handleRequest(null, Object(Config\Cache), false)
 9 FCPATH\index.php(68): CodeIgniter\CodeIgniter->run()
10 SYSTEMPATH\Commands\Server\rewrite.php(47): require_once('FCPATH\\index.php')
CRITICAL - 2023-04-20 17:13:45 --> Undefined variable $services
in APPPATH\Views\devis\listeservice.php on line 31.
 1 APPPATH\Views\devis\listeservice.php(31): CodeIgniter\Debug\Exceptions->errorHandler(2, 'Undefined variable $services', 'APPPATH\\Views\\devis\\listeservice.php', 31)
 2 SYSTEMPATH\View\View.php(213): include('APPPATH\\Views\\devis\\listeservice.php')
 3 SYSTEMPATH\View\View.php(216): CodeIgniter\View\View->CodeIgniter\View\{closure}()
 4 SYSTEMPATH\Common.php(1184): CodeIgniter\View\View->render('devis/listeservice', [], true)
 5 APPPATH\Controllers\ServiceController.php(28): view('devis/listeservice')
 6 SYSTEMPATH\CodeIgniter.php(934): App\Controllers\ServiceController->store()
 7 SYSTEMPATH\CodeIgniter.php(499): CodeIgniter\CodeIgniter->runController(Object(App\Controllers\ServiceController))
 8 SYSTEMPATH\CodeIgniter.php(368): CodeIgniter\CodeIgniter->handleRequest(null, Object(Config\Cache), false)
 9 FCPATH\index.php(68): CodeIgniter\CodeIgniter->run()
10 SYSTEMPATH\Commands\Server\rewrite.php(47): require_once('FCPATH\\index.php')
CRITICAL - 2023-04-20 17:14:33 --> Undefined variable $services
in APPPATH\Views\devis\listeservice.php on line 31.
 1 APPPATH\Views\devis\listeservice.php(31): CodeIgniter\Debug\Exceptions->errorHandler(2, 'Undefined variable $services', 'APPPATH\\Views\\devis\\listeservice.php', 31)
 2 SYSTEMPATH\View\View.php(213): include('APPPATH\\Views\\devis\\listeservice.php')
 3 SYSTEMPATH\View\View.php(216): CodeIgniter\View\View->CodeIgniter\View\{closure}()
 4 SYSTEMPATH\Common.php(1184): CodeIgniter\View\View->render('devis/listeservice', [], true)
 5 APPPATH\Controllers\ServiceController.php(28): view('devis/listeservice')
 6 SYSTEMPATH\CodeIgniter.php(934): App\Controllers\ServiceController->store()
 7 SYSTEMPATH\CodeIgniter.php(499): CodeIgniter\CodeIgniter->runController(Object(App\Controllers\ServiceController))
 8 SYSTEMPATH\CodeIgniter.php(368): CodeIgniter\CodeIgniter->handleRequest(null, Object(Config\Cache), false)
 9 FCPATH\index.php(68): CodeIgniter\CodeIgniter->run()
10 SYSTEMPATH\Commands\Server\rewrite.php(47): require_once('FCPATH\\index.php')
CRITICAL - 2023-04-20 17:15:36 --> syntax error, unexpected token ";", expecting ")"
in APPPATH\Controllers\ServiceController.php on line 34.
 1 SYSTEMPATH\Autoloader\Autoloader.php(289): CodeIgniter\Autoloader\Autoloader->includeFile('APPPATH\\Controllers\\ServiceController.php')
 2 SYSTEMPATH\Autoloader\Autoloader.php(267): CodeIgniter\Autoloader\Autoloader->loadInNamespace('App\\Controllers\\ServiceController')
 3 [internal function]: CodeIgniter\Autoloader\Autoloader->loadClass('App\\Controllers\\ServiceController')
 4 SYSTEMPATH\CodeIgniter.php(892): class_exists('\\App\\Controllers\\ServiceController', true)
 5 SYSTEMPATH\CodeIgniter.php(486): CodeIgniter\CodeIgniter->startController()
 6 SYSTEMPATH\CodeIgniter.php(368): CodeIgniter\CodeIgniter->handleRequest(null, Object(Config\Cache), false)
 7 FCPATH\index.php(68): CodeIgniter\CodeIgniter->run()
 8 SYSTEMPATH\Commands\Server\rewrite.php(47): require_once('FCPATH\\index.php')
ERROR - 2023-04-20 17:21:59 --> mysqli_sql_exception: Duplicate entry '2-04-007' for key 'PRIMARY' in C:\xampp\htdocs\codeigniter\second_app\system\Database\MySQLi\Connection.php:295
Stack trace:
#0 C:\xampp\htdocs\codeigniter\second_app\system\Database\MySQLi\Connection.php(295): mysqli->query('INSERT INTO `li...', 0)
#1 C:\xampp\htdocs\codeigniter\second_app\system\Database\BaseConnection.php(691): CodeIgniter\Database\MySQLi\Connection->execute('INSERT INTO `li...')
#2 C:\xampp\htdocs\codeigniter\second_app\system\Database\BaseConnection.php(605): CodeIgniter\Database\BaseConnection->simpleQuery('INSERT INTO `li...')
#3 C:\xampp\htdocs\codeigniter\second_app\system\Database\BaseBuilder.php(2309): CodeIgniter\Database\BaseConnection->query('INSERT INTO `li...', Array, false)
#4 C:\xampp\htdocs\codeigniter\second_app\system\Model.php(330): CodeIgniter\Database\BaseBuilder->insert()
#5 C:\xampp\htdocs\codeigniter\second_app\system\BaseModel.php(782): CodeIgniter\Model->doInsert(Array)
#6 C:\xampp\htdocs\codeigniter\second_app\system\Model.php(730): CodeIgniter\BaseModel->insert(Array, true)
#7 C:\xampp\htdocs\codeigniter\second_app\app\Controllers\DevisController.php(65): CodeIgniter\Model->insert(Array)
#8 C:\xampp\htdocs\codeigniter\second_app\system\CodeIgniter.php(934): App\Controllers\DevisController->storeDevis()
#9 C:\xampp\htdocs\codeigniter\second_app\system\CodeIgniter.php(499): CodeIgniter\CodeIgniter->runController(Object(App\Controllers\DevisController))
#10 C:\xampp\htdocs\codeigniter\second_app\system\CodeIgniter.php(368): CodeIgniter\CodeIgniter->handleRequest(NULL, Object(Config\Cache), false)
#11 C:\xampp\htdocs\codeigniter\second_app\public\index.php(68): CodeIgniter\CodeIgniter->run()
#12 C:\xampp\htdocs\codeigniter\second_app\system\Commands\Server\rewrite.php(47): require_once('C:\\xampp\\htdocs...')
#13 {main}
CRITICAL - 2023-04-20 17:21:59 --> Duplicate entry '2-04-007' for key 'PRIMARY'
in SYSTEMPATH\Database\BaseConnection.php on line 645.
 1 SYSTEMPATH\Database\BaseBuilder.php(2309): CodeIgniter\Database\BaseConnection->query('INSERT INTO `lignecommande` (`id_service`, `id_devis`, `qte_commande`, `description_service`, `prix_unitaire`) VALUES (:id_service:, :id_devis:, :qte_commande:, :description_service:, :prix_unitaire:)', [...], false)
 2 SYSTEMPATH\Model.php(330): CodeIgniter\Database\BaseBuilder->insert()
 3 SYSTEMPATH\BaseModel.php(782): CodeIgniter\Model->doInsert([...])
 4 SYSTEMPATH\Model.php(730): CodeIgniter\BaseModel->insert([...], true)
 5 APPPATH\Controllers\DevisController.php(65): CodeIgniter\Model->insert([...])
 6 SYSTEMPATH\CodeIgniter.php(934): App\Controllers\DevisController->storeDevis()
 7 SYSTEMPATH\CodeIgniter.php(499): CodeIgniter\CodeIgniter->runController(Object(App\Controllers\DevisController))
 8 SYSTEMPATH\CodeIgniter.php(368): CodeIgniter\CodeIgniter->handleRequest(null, Object(Config\Cache), false)
 9 FCPATH\index.php(68): CodeIgniter\CodeIgniter->run()
10 SYSTEMPATH\Commands\Server\rewrite.php(47): require_once('FCPATH\\index.php')
CRITICAL - 2023-04-20 17:24:35 --> Trying to access array offset on value of type null
in APPPATH\Views\devis\modifierdevis.php on line 15.
 1 APPPATH\Views\devis\modifierdevis.php(15): CodeIgniter\Debug\Exceptions->errorHandler(2, 'Trying to access array offset on value of type null', 'APPPATH\\Views\\devis\\modifierdevis.php', 15)
 2 SYSTEMPATH\View\View.php(213): include('APPPATH\\Views\\devis\\modifierdevis.php')
 3 SYSTEMPATH\View\View.php(216): CodeIgniter\View\View->CodeIgniter\View\{closure}()
 4 SYSTEMPATH\Common.php(1184): CodeIgniter\View\View->render('devis/modifierdevis', [], true)
 5 APPPATH\Controllers\DevisController.php(206): view('devis/modifierdevis', [...])
 6 SYSTEMPATH\CodeIgniter.php(934): App\Controllers\DevisController->edit('logofms.png')
 7 SYSTEMPATH\CodeIgniter.php(499): CodeIgniter\CodeIgniter->runController(Object(App\Controllers\DevisController))
 8 SYSTEMPATH\CodeIgniter.php(368): CodeIgniter\CodeIgniter->handleRequest(null, Object(Config\Cache), false)
 9 FCPATH\index.php(68): CodeIgniter\CodeIgniter->run()
10 SYSTEMPATH\Commands\Server\rewrite.php(47): require_once('FCPATH\\index.php')
CRITICAL - 2023-04-20 17:25:08 --> Trying to access array offset on value of type null
in APPPATH\Views\devis\modifierdevis.php on line 15.
 1 APPPATH\Views\devis\modifierdevis.php(15): CodeIgniter\Debug\Exceptions->errorHandler(2, 'Trying to access array offset on value of type null', 'APPPATH\\Views\\devis\\modifierdevis.php', 15)
 2 SYSTEMPATH\View\View.php(213): include('APPPATH\\Views\\devis\\modifierdevis.php')
 3 SYSTEMPATH\View\View.php(216): CodeIgniter\View\View->CodeIgniter\View\{closure}()
 4 SYSTEMPATH\Common.php(1184): CodeIgniter\View\View->render('devis/modifierdevis', [], true)
 5 APPPATH\Controllers\DevisController.php(206): view('devis/modifierdevis', [...])
 6 SYSTEMPATH\CodeIgniter.php(934): App\Controllers\DevisController->edit('logofms.png')
 7 SYSTEMPATH\CodeIgniter.php(499): CodeIgniter\CodeIgniter->runController(Object(App\Controllers\DevisController))
 8 SYSTEMPATH\CodeIgniter.php(368): CodeIgniter\CodeIgniter->handleRequest(null, Object(Config\Cache), false)
 9 FCPATH\index.php(68): CodeIgniter\CodeIgniter->run()
10 SYSTEMPATH\Commands\Server\rewrite.php(47): require_once('FCPATH\\index.php')
CRITICAL - 2023-04-20 17:27:38 --> Undefined variable $liste_devis
in APPPATH\Controllers\DevisController.php on line 154.
 1 APPPATH\Controllers\DevisController.php(154): CodeIgniter\Debug\Exceptions->errorHandler(2, 'Undefined variable $liste_devis', 'APPPATH\\Controllers\\DevisController.php', 154)
 2 SYSTEMPATH\CodeIgniter.php(934): App\Controllers\DevisController->searchs()
 3 SYSTEMPATH\CodeIgniter.php(499): CodeIgniter\CodeIgniter->runController(Object(App\Controllers\DevisController))
 4 SYSTEMPATH\CodeIgniter.php(368): CodeIgniter\CodeIgniter->handleRequest(null, Object(Config\Cache), false)
 5 FCPATH\index.php(68): CodeIgniter\CodeIgniter->run()
 6 SYSTEMPATH\Commands\Server\rewrite.php(47): require_once('FCPATH\\index.php')
CRITICAL - 2023-04-20 17:28:42 --> Undefined variable $liste_devis
in APPPATH\Controllers\DevisController.php on line 154.
 1 APPPATH\Controllers\DevisController.php(154): CodeIgniter\Debug\Exceptions->errorHandler(2, 'Undefined variable $liste_devis', 'APPPATH\\Controllers\\DevisController.php', 154)
 2 SYSTEMPATH\CodeIgniter.php(934): App\Controllers\DevisController->searchs()
 3 SYSTEMPATH\CodeIgniter.php(499): CodeIgniter\CodeIgniter->runController(Object(App\Controllers\DevisController))
 4 SYSTEMPATH\CodeIgniter.php(368): CodeIgniter\CodeIgniter->handleRequest(null, Object(Config\Cache), false)
 5 FCPATH\index.php(68): CodeIgniter\CodeIgniter->run()
 6 SYSTEMPATH\Commands\Server\rewrite.php(47): require_once('FCPATH\\index.php')
CRITICAL - 2023-04-20 17:31:29 --> Undefined variable $liste_devis
in APPPATH\Controllers\DevisController.php on line 156.
 1 APPPATH\Controllers\DevisController.php(156): CodeIgniter\Debug\Exceptions->errorHandler(2, 'Undefined variable $liste_devis', 'APPPATH\\Controllers\\DevisController.php', 156)
 2 SYSTEMPATH\CodeIgniter.php(934): App\Controllers\DevisController->searchs()
 3 SYSTEMPATH\CodeIgniter.php(499): CodeIgniter\CodeIgniter->runController(Object(App\Controllers\DevisController))
 4 SYSTEMPATH\CodeIgniter.php(368): CodeIgniter\CodeIgniter->handleRequest(null, Object(Config\Cache), false)
 5 FCPATH\index.php(68): CodeIgniter\CodeIgniter->run()
 6 SYSTEMPATH\Commands\Server\rewrite.php(47): require_once('FCPATH\\index.php')
CRITICAL - 2023-04-20 17:32:15 --> Undefined array key "prenom"
in APPPATH\Views\devis\search.php on line 41.
 1 APPPATH\Views\devis\search.php(41): CodeIgniter\Debug\Exceptions->errorHandler(2, 'Undefined array key "prenom"', 'APPPATH\\Views\\devis\\search.php', 41)
 2 SYSTEMPATH\View\View.php(213): include('APPPATH\\Views\\devis\\search.php')
 3 SYSTEMPATH\View\View.php(216): CodeIgniter\View\View->CodeIgniter\View\{closure}()
 4 SYSTEMPATH\Common.php(1184): CodeIgniter\View\View->render('devis/search', [], true)
 5 APPPATH\Controllers\DevisController.php(162): view('devis/search', [...])
 6 SYSTEMPATH\CodeIgniter.php(934): App\Controllers\DevisController->searchs()
 7 SYSTEMPATH\CodeIgniter.php(499): CodeIgniter\CodeIgniter->runController(Object(App\Controllers\DevisController))
 8 SYSTEMPATH\CodeIgniter.php(368): CodeIgniter\CodeIgniter->handleRequest(null, Object(Config\Cache), false)
 9 FCPATH\index.php(68): CodeIgniter\CodeIgniter->run()
10 SYSTEMPATH\Commands\Server\rewrite.php(47): require_once('FCPATH\\index.php')
CRITICAL - 2023-04-20 17:40:23 --> Undefined array key "prenom"
in APPPATH\Views\devis\search.php on line 41.
 1 APPPATH\Views\devis\search.php(41): CodeIgniter\Debug\Exceptions->errorHandler(2, 'Undefined array key "prenom"', 'APPPATH\\Views\\devis\\search.php', 41)
 2 SYSTEMPATH\View\View.php(213): include('APPPATH\\Views\\devis\\search.php')
 3 SYSTEMPATH\View\View.php(216): CodeIgniter\View\View->CodeIgniter\View\{closure}()
 4 SYSTEMPATH\Common.php(1184): CodeIgniter\View\View->render('devis/search', [], true)
 5 APPPATH\Controllers\DevisController.php(162): view('devis/search', [...])
 6 SYSTEMPATH\CodeIgniter.php(934): App\Controllers\DevisController->searchs()
 7 SYSTEMPATH\CodeIgniter.php(499): CodeIgniter\CodeIgniter->runController(Object(App\Controllers\DevisController))
 8 SYSTEMPATH\CodeIgniter.php(368): CodeIgniter\CodeIgniter->handleRequest(null, Object(Config\Cache), false)
 9 FCPATH\index.php(68): CodeIgniter\CodeIgniter->run()
10 SYSTEMPATH\Commands\Server\rewrite.php(47): require_once('FCPATH\\index.php')
CRITICAL - 2023-04-20 17:40:53 --> syntax error, unexpected token "/"
in APPPATH\Views\devis\search.php on line 41.
 1 SYSTEMPATH\View\View.php(216): CodeIgniter\View\View->CodeIgniter\View\{closure}()
 2 SYSTEMPATH\Common.php(1184): CodeIgniter\View\View->render('devis/search', [], true)
 3 APPPATH\Controllers\DevisController.php(162): view('devis/search', [...])
 4 SYSTEMPATH\CodeIgniter.php(934): App\Controllers\DevisController->searchs()
 5 SYSTEMPATH\CodeIgniter.php(499): CodeIgniter\CodeIgniter->runController(Object(App\Controllers\DevisController))
 6 SYSTEMPATH\CodeIgniter.php(368): CodeIgniter\CodeIgniter->handleRequest(null, Object(Config\Cache), false)
 7 FCPATH\index.php(68): CodeIgniter\CodeIgniter->run()
 8 SYSTEMPATH\Commands\Server\rewrite.php(47): require_once('FCPATH\\index.php')
CRITICAL - 2023-04-20 17:41:01 --> Undefined array key "description_service"
in APPPATH\Views\devis\search.php on line 42.
 1 APPPATH\Views\devis\search.php(42): CodeIgniter\Debug\Exceptions->errorHandler(2, 'Undefined array key "description_service"', 'APPPATH\\Views\\devis\\search.php', 42)
 2 SYSTEMPATH\View\View.php(213): include('APPPATH\\Views\\devis\\search.php')
 3 SYSTEMPATH\View\View.php(216): CodeIgniter\View\View->CodeIgniter\View\{closure}()
 4 SYSTEMPATH\Common.php(1184): CodeIgniter\View\View->render('devis/search', [], true)
 5 APPPATH\Controllers\DevisController.php(162): view('devis/search', [...])
 6 SYSTEMPATH\CodeIgniter.php(934): App\Controllers\DevisController->searchs()
 7 SYSTEMPATH\CodeIgniter.php(499): CodeIgniter\CodeIgniter->runController(Object(App\Controllers\DevisController))
 8 SYSTEMPATH\CodeIgniter.php(368): CodeIgniter\CodeIgniter->handleRequest(null, Object(Config\Cache), false)
 9 FCPATH\index.php(68): CodeIgniter\CodeIgniter->run()
10 SYSTEMPATH\Commands\Server\rewrite.php(47): require_once('FCPATH\\index.php')
CRITICAL - 2023-04-20 17:41:51 --> Undefined array key "titre"
in APPPATH\Views\devis\search.php on line 35.
 1 APPPATH\Views\devis\search.php(35): CodeIgniter\Debug\Exceptions->errorHandler(2, 'Undefined array key "titre"', 'APPPATH\\Views\\devis\\search.php', 35)
 2 SYSTEMPATH\View\View.php(213): include('APPPATH\\Views\\devis\\search.php')
 3 SYSTEMPATH\View\View.php(216): CodeIgniter\View\View->CodeIgniter\View\{closure}()
 4 SYSTEMPATH\Common.php(1184): CodeIgniter\View\View->render('devis/search', [], true)
 5 APPPATH\Controllers\DevisController.php(162): view('devis/search', [...])
 6 SYSTEMPATH\CodeIgniter.php(934): App\Controllers\DevisController->searchs()
 7 SYSTEMPATH\CodeIgniter.php(499): CodeIgniter\CodeIgniter->runController(Object(App\Controllers\DevisController))
 8 SYSTEMPATH\CodeIgniter.php(368): CodeIgniter\CodeIgniter->handleRequest(null, Object(Config\Cache), false)
 9 FCPATH\index.php(68): CodeIgniter\CodeIgniter->run()
10 SYSTEMPATH\Commands\Server\rewrite.php(47): require_once('FCPATH\\index.php')
INFO - 2023-04-20 17:46:13 --> Session: Class initialized using 'CodeIgniter\Session\Handlers\FileHandler' driver.
INFO - 2023-04-20 17:46:16 --> Session: Class initialized using 'CodeIgniter\Session\Handlers\FileHandler' driver.
INFO - 2023-04-20 17:46:18 --> Session: Class initialized using 'CodeIgniter\Session\Handlers\FileHandler' driver.
INFO - 2023-04-20 17:46:22 --> Session: Class initialized using 'CodeIgniter\Session\Handlers\FileHandler' driver.
INFO - 2023-04-20 17:48:08 --> Session: Class initialized using 'CodeIgniter\Session\Handlers\FileHandler' driver.
INFO - 2023-04-20 17:48:08 --> Session: Class initialized using 'CodeIgniter\Session\Handlers\FileHandler' driver.
INFO - 2023-04-20 17:49:01 --> Session: Class initialized using 'CodeIgniter\Session\Handlers\FileHandler' driver.
INFO - 2023-04-20 17:49:25 --> Session: Class initialized using 'CodeIgniter\Session\Handlers\FileHandler' driver.
INFO - 2023-04-20 17:49:28 --> Session: Class initialized using 'CodeIgniter\Session\Handlers\FileHandler' driver.
INFO - 2023-04-20 17:49:51 --> Session: Class initialized using 'CodeIgniter\Session\Handlers\FileHandler' driver.
INFO - 2023-04-20 17:49:52 --> Session: Class initialized using 'CodeIgniter\Session\Handlers\FileHandler' driver.
INFO - 2023-04-20 17:49:59 --> Session: Class initialized using 'CodeIgniter\Session\Handlers\FileHandler' driver.
INFO - 2023-04-20 17:50:06 --> Session: Class initialized using 'CodeIgniter\Session\Handlers\FileHandler' driver.
CRITICAL - 2023-04-20 17:50:06 --> Undefined array key "prenom"
in APPPATH\Views\factures\pages\tables\basicTable.php on line 43.
 1 APPPATH\Views\factures\pages\tables\basicTable.php(43): CodeIgniter\Debug\Exceptions->errorHandler(2, 'Undefined array key "prenom"', 'APPPATH\\Views\\factures\\pages\\tables\\basicTable.php', 43)
 2 SYSTEMPATH\View\View.php(213): include('APPPATH\\Views\\factures\\pages\\tables\\basicTable.php')
 3 SYSTEMPATH\View\View.php(216): CodeIgniter\View\View->CodeIgniter\View\{closure}()
 4 SYSTEMPATH\Common.php(1184): CodeIgniter\View\View->render('factures/pages/tables/basicTable', [], true)
 5 APPPATH\Controllers\RelanceController.php(27): view('factures/pages/tables/basicTable', [...])
 6 SYSTEMPATH\CodeIgniter.php(934): App\Controllers\RelanceController->Relance()
 7 SYSTEMPATH\CodeIgniter.php(499): CodeIgniter\CodeIgniter->runController(Object(App\Controllers\RelanceController))
 8 SYSTEMPATH\CodeIgniter.php(368): CodeIgniter\CodeIgniter->handleRequest(null, Object(Config\Cache), false)
 9 FCPATH\index.php(68): CodeIgniter\CodeIgniter->run()
10 SYSTEMPATH\Commands\Server\rewrite.php(47): require_once('FCPATH\\index.php')
INFO - 2023-04-20 17:50:26 --> Session: Class initialized using 'CodeIgniter\Session\Handlers\FileHandler' driver.
INFO - 2023-04-20 17:50:30 --> Session: Class initialized using 'CodeIgniter\Session\Handlers\FileHandler' driver.
INFO - 2023-04-20 17:50:43 --> Session: Class initialized using 'CodeIgniter\Session\Handlers\FileHandler' driver.
INFO - 2023-04-20 17:50:47 --> Session: Class initialized using 'CodeIgniter\Session\Handlers\FileHandler' driver.
INFO - 2023-04-20 17:54:32 --> Session: Class initialized using 'CodeIgniter\Session\Handlers\FileHandler' driver.
INFO - 2023-04-20 17:54:36 --> Session: Class initialized using 'CodeIgniter\Session\Handlers\FileHandler' driver.
CRITICAL - 2023-04-20 18:02:28 --> session_start(): Failed to decode session object. Session has been destroyed
in SYSTEMPATH\Session\Session.php on line 928.
 1 [internal function]: CodeIgniter\Debug\Exceptions->errorHandler(2, 'session_start(): Failed to decode session object. Session has been destroyed', 'SYSTEMPATH\\Session\\Session.php', 928)
 2 SYSTEMPATH\Session\Session.php(928): session_start()
 3 SYSTEMPATH\Session\Session.php(250): CodeIgniter\Session\Session->startSession()
 4 SYSTEMPATH\Config\Services.php(674): CodeIgniter\Session\Session->start()
 5 SYSTEMPATH\Config\BaseService.php(252): CodeIgniter\Config\Services::session(Object(Config\App), false)
 6 SYSTEMPATH\Config\BaseService.php(193): CodeIgniter\Config\BaseService::__callStatic('session', [...])
 7 SYSTEMPATH\Config\Services.php(641): CodeIgniter\Config\BaseService::getSharedInstance('session', null)
 8 SYSTEMPATH\Config\BaseService.php(252): CodeIgniter\Config\Services::session()
 9 SYSTEMPATH\Common.php(988): CodeIgniter\Config\BaseService::__callStatic('session', [])
10 APPPATH\Controllers\CreatingController.php(90): session()
11 SYSTEMPATH\CodeIgniter.php(934): App\Controllers\CreatingController->create()
12 SYSTEMPATH\CodeIgniter.php(499): CodeIgniter\CodeIgniter->runController(Object(App\Controllers\CreatingController))
13 SYSTEMPATH\CodeIgniter.php(368): CodeIgniter\CodeIgniter->handleRequest(null, Object(Config\Cache), false)
14 FCPATH\index.php(68): CodeIgniter\CodeIgniter->run()
15 SYSTEMPATH\Commands\Server\rewrite.php(47): require_once('FCPATH\\index.php')
INFO - 2023-04-20 18:03:08 --> Session: Class initialized using 'CodeIgniter\Session\Handlers\FileHandler' driver.
INFO - 2023-04-20 18:03:09 --> Session: Class initialized using 'CodeIgniter\Session\Handlers\FileHandler' driver.
INFO - 2023-04-20 18:03:11 --> Session: Class initialized using 'CodeIgniter\Session\Handlers\FileHandler' driver.
INFO - 2023-04-20 18:03:13 --> Session: Class initialized using 'CodeIgniter\Session\Handlers\FileHandler' driver.
INFO - 2023-04-20 18:03:16 --> Session: Class initialized using 'CodeIgniter\Session\Handlers\FileHandler' driver.
INFO - 2023-04-20 18:03:20 --> Session: Class initialized using 'CodeIgniter\Session\Handlers\FileHandler' driver.
INFO - 2023-04-20 18:03:30 --> Session: Class initialized using 'CodeIgniter\Session\Handlers\FileHandler' driver.
INFO - 2023-04-20 18:03:32 --> Session: Class initialized using 'CodeIgniter\Session\Handlers\FileHandler' driver.
INFO - 2023-04-20 18:03:34 --> Session: Class initialized using 'CodeIgniter\Session\Handlers\FileHandler' driver.
INFO - 2023-04-20 18:04:02 --> Session: Class initialized using 'CodeIgniter\Session\Handlers\FileHandler' driver.
INFO - 2023-04-20 18:04:03 --> Session: Class initialized using 'CodeIgniter\Session\Handlers\FileHandler' driver.
INFO - 2023-04-20 18:04:06 --> Session: Class initialized using 'CodeIgniter\Session\Handlers\FileHandler' driver.
INFO - 2023-04-20 18:04:11 --> Session: Class initialized using 'CodeIgniter\Session\Handlers\FileHandler' driver.
INFO - 2023-04-20 18:05:00 --> Session: Class initialized using 'CodeIgniter\Session\Handlers\FileHandler' driver.
INFO - 2023-04-20 18:05:03 --> Session: Class initialized using 'CodeIgniter\Session\Handlers\FileHandler' driver.
INFO - 2023-04-20 18:05:23 --> Session: Class initialized using 'CodeIgniter\Session\Handlers\FileHandler' driver.
INFO - 2023-04-20 18:05:23 --> Session: Class initialized using 'CodeIgniter\Session\Handlers\FileHandler' driver.
INFO - 2023-04-20 18:06:11 --> Session: Class initialized using 'CodeIgniter\Session\Handlers\FileHandler' driver.
INFO - 2023-04-20 18:08:10 --> Session: Class initialized using 'CodeIgniter\Session\Handlers\FileHandler' driver.
INFO - 2023-04-20 18:08:12 --> Session: Class initialized using 'CodeIgniter\Session\Handlers\FileHandler' driver.
INFO - 2023-04-20 18:10:06 --> Session: Class initialized using 'CodeIgniter\Session\Handlers\FileHandler' driver.
INFO - 2023-04-20 18:10:20 --> Session: Class initialized using 'CodeIgniter\Session\Handlers\FileHandler' driver.
INFO - 2023-04-20 18:10:39 --> Session: Class initialized using 'CodeIgniter\Session\Handlers\FileHandler' driver.
INFO - 2023-04-20 18:10:39 --> Session: Class initialized using 'CodeIgniter\Session\Handlers\FileHandler' driver.
INFO - 2023-04-20 18:11:08 --> Session: Class initialized using 'CodeIgniter\Session\Handlers\FileHandler' driver.
ERROR - 2023-04-20 18:11:08 --> mysqli_sql_exception: Unknown column 'facture.id_acture' in 'group statement' in C:\xampp\htdocs\codeigniter\second_app\system\Database\MySQLi\Connection.php:295
Stack trace:
#0 C:\xampp\htdocs\codeigniter\second_app\system\Database\MySQLi\Connection.php(295): mysqli->query('SELECT `facture...', 0)
#1 C:\xampp\htdocs\codeigniter\second_app\system\Database\BaseConnection.php(691): CodeIgniter\Database\MySQLi\Connection->execute('SELECT `facture...')
#2 C:\xampp\htdocs\codeigniter\second_app\system\Database\BaseConnection.php(605): CodeIgniter\Database\BaseConnection->simpleQuery('SELECT `facture...')
#3 C:\xampp\htdocs\codeigniter\second_app\system\Database\BaseBuilder.php(1616): CodeIgniter\Database\BaseConnection->query('SELECT `facture...', Array, false)
#4 C:\xampp\htdocs\codeigniter\second_app\system\Model.php(840): CodeIgniter\Database\BaseBuilder->get()
#5 C:\xampp\htdocs\codeigniter\second_app\app\Controllers\FactureController.php(35): CodeIgniter\Model->__call('get', Array)
#6 C:\xampp\htdocs\codeigniter\second_app\system\CodeIgniter.php(934): App\Controllers\FactureController->index()
#7 C:\xampp\htdocs\codeigniter\second_app\system\CodeIgniter.php(499): CodeIgniter\CodeIgniter->runController(Object(App\Controllers\FactureController))
#8 C:\xampp\htdocs\codeigniter\second_app\system\CodeIgniter.php(368): CodeIgniter\CodeIgniter->handleRequest(NULL, Object(Config\Cache), false)
#9 C:\xampp\htdocs\codeigniter\second_app\public\index.php(68): CodeIgniter\CodeIgniter->run()
#10 C:\xampp\htdocs\codeigniter\second_app\system\Commands\Server\rewrite.php(47): require_once('C:\\xampp\\htdocs...')
#11 {main}
CRITICAL - 2023-04-20 18:11:08 --> Unknown column 'facture.id_acture' in 'group statement'
in SYSTEMPATH\Database\BaseConnection.php on line 645.
 1 SYSTEMPATH\Database\BaseBuilder.php(1616): CodeIgniter\Database\BaseConnection->query('SELECT `facture`.*, `client`.*, `paiment`.*, `devis`.*
FROM `client`
JOIN `facture` ON `facture`.`id_client` = `client`.`id_client`
JOIN `paiment` ON `facture`.`id_facture` = `paiment`.`id_facture`
JOIN `devis` ON `devis`.`id_client` = `client`.`id_client`
JOIN `lignecommande` ON `lignecommande`.`id_devis` = `devis`.`id_devis`
WHERE `devis`.`total_ttc` !=0
GROUP BY `facture`.`id_acture`
ORDER BY `facture`.`date_saisie` DESC', [], false)
 2 SYSTEMPATH\Model.php(840): CodeIgniter\Database\BaseBuilder->get()
 3 APPPATH\Controllers\FactureController.php(35): CodeIgniter\Model->__call('get', [])
 4 SYSTEMPATH\CodeIgniter.php(934): App\Controllers\FactureController->index()
 5 SYSTEMPATH\CodeIgniter.php(499): CodeIgniter\CodeIgniter->runController(Object(App\Controllers\FactureController))
 6 SYSTEMPATH\CodeIgniter.php(368): CodeIgniter\CodeIgniter->handleRequest(null, Object(Config\Cache), false)
 7 FCPATH\index.php(68): CodeIgniter\CodeIgniter->run()
 8 SYSTEMPATH\Commands\Server\rewrite.php(47): require_once('FCPATH\\index.php')
INFO - 2023-04-20 18:11:17 --> Session: Class initialized using 'CodeIgniter\Session\Handlers\FileHandler' driver.
INFO - 2023-04-20 18:11:23 --> Session: Class initialized using 'CodeIgniter\Session\Handlers\FileHandler' driver.
INFO - 2023-04-20 18:11:25 --> Session: Class initialized using 'CodeIgniter\Session\Handlers\FileHandler' driver.
INFO - 2023-04-20 18:12:26 --> Session: Class initialized using 'CodeIgniter\Session\Handlers\FileHandler' driver.
INFO - 2023-04-20 18:12:52 --> Session: Class initialized using 'CodeIgniter\Session\Handlers\FileHandler' driver.
ERROR - 2023-04-20 18:13:50 --> mysqli_sql_exception: Unknown column 'facture.id_paiment' in 'on clause' in C:\xampp\htdocs\codeigniter\second_app\system\Database\MySQLi\Connection.php:295
Stack trace:
#0 C:\xampp\htdocs\codeigniter\second_app\system\Database\MySQLi\Connection.php(295): mysqli->query('SELECT `client`...', 0)
#1 C:\xampp\htdocs\codeigniter\second_app\system\Database\BaseConnection.php(691): CodeIgniter\Database\MySQLi\Connection->execute('SELECT `client`...')
#2 C:\xampp\htdocs\codeigniter\second_app\system\Database\BaseConnection.php(605): CodeIgniter\Database\BaseConnection->simpleQuery('SELECT `client`...')
#3 C:\xampp\htdocs\codeigniter\second_app\system\Database\BaseBuilder.php(1616): CodeIgniter\Database\BaseConnection->query('SELECT `client`...', Array, false)
#4 C:\xampp\htdocs\codeigniter\second_app\app\Controllers\FactureController.php(90): CodeIgniter\Database\BaseBuilder->get()
#5 C:\xampp\htdocs\codeigniter\second_app\system\CodeIgniter.php(934): App\Controllers\FactureController->search()
#6 C:\xampp\htdocs\codeigniter\second_app\system\CodeIgniter.php(499): CodeIgniter\CodeIgniter->runController(Object(App\Controllers\FactureController))
#7 C:\xampp\htdocs\codeigniter\second_app\system\CodeIgniter.php(368): CodeIgniter\CodeIgniter->handleRequest(NULL, Object(Config\Cache), false)
#8 C:\xampp\htdocs\codeigniter\second_app\public\index.php(68): CodeIgniter\CodeIgniter->run()
#9 C:\xampp\htdocs\codeigniter\second_app\system\Commands\Server\rewrite.php(47): require_once('C:\\xampp\\htdocs...')
#10 {main}
CRITICAL - 2023-04-20 18:13:50 --> Unknown column 'facture.id_paiment' in 'on clause'
in SYSTEMPATH\Database\BaseConnection.php on line 645.
 1 SYSTEMPATH\Database\BaseBuilder.php(1616): CodeIgniter\Database\BaseConnection->query('SELECT `client`.*, `facture`.*, `paiment`.*, `devis`.*
FROM `client`
JOIN `facture` ON `facture`.`id_client` = `client`.`id_client`
JOIN `paiment` ON `paiment`.`id_paiment` = `facture`.`id_paiment`
JOIN `devis` ON `paiment`.`id_devis` = `devis`.`id_devis`
WHERE `client`.`nom` = :client.nom:
OR `facture`.`id_facture` = :facture.id_facture:
OR `devis`.`total_ht` = :devis.total_ht:
OR `devis`.`total_ttc` = :devis.total_ttc:', [...], false)
 2 APPPATH\Controllers\FactureController.php(90): CodeIgniter\Database\BaseBuilder->get()
 3 SYSTEMPATH\CodeIgniter.php(934): App\Controllers\FactureController->search()
 4 SYSTEMPATH\CodeIgniter.php(499): CodeIgniter\CodeIgniter->runController(Object(App\Controllers\FactureController))
 5 SYSTEMPATH\CodeIgniter.php(368): CodeIgniter\CodeIgniter->handleRequest(null, Object(Config\Cache), false)
 6 FCPATH\index.php(68): CodeIgniter\CodeIgniter->run()
 7 SYSTEMPATH\Commands\Server\rewrite.php(47): require_once('FCPATH\\index.php')
INFO - 2023-04-20 18:15:11 --> Session: Class initialized using 'CodeIgniter\Session\Handlers\FileHandler' driver.
INFO - 2023-04-20 18:15:12 --> Session: Class initialized using 'CodeIgniter\Session\Handlers\FileHandler' driver.
INFO - 2023-04-20 18:15:23 --> Session: Class initialized using 'CodeIgniter\Session\Handlers\FileHandler' driver.
INFO - 2023-04-20 18:15:51 --> Session: Class initialized using 'CodeIgniter\Session\Handlers\FileHandler' driver.
INFO - 2023-04-20 18:17:04 --> Session: Class initialized using 'CodeIgniter\Session\Handlers\FileHandler' driver.
INFO - 2023-04-20 18:17:30 --> Session: Class initialized using 'CodeIgniter\Session\Handlers\FileHandler' driver.
INFO - 2023-04-20 18:20:31 --> Session: Class initialized using 'CodeIgniter\Session\Handlers\FileHandler' driver.
INFO - 2023-04-20 18:20:35 --> Session: Class initialized using 'CodeIgniter\Session\Handlers\FileHandler' driver.
INFO - 2023-04-20 18:20:37 --> Session: Class initialized using 'CodeIgniter\Session\Handlers\FileHandler' driver.
INFO - 2023-04-20 18:26:32 --> Session: Class initialized using 'CodeIgniter\Session\Handlers\FileHandler' driver.
INFO - 2023-04-20 18:26:45 --> Session: Class initialized using 'CodeIgniter\Session\Handlers\FileHandler' driver.
INFO - 2023-04-20 18:27:03 --> Session: Class initialized using 'CodeIgniter\Session\Handlers\FileHandler' driver.
INFO - 2023-04-20 18:27:04 --> Session: Class initialized using 'CodeIgniter\Session\Handlers\FileHandler' driver.
INFO - 2023-04-20 18:28:15 --> Session: Class initialized using 'CodeIgniter\Session\Handlers\FileHandler' driver.
INFO - 2023-04-20 18:28:17 --> Session: Class initialized using 'CodeIgniter\Session\Handlers\FileHandler' driver.
INFO - 2023-04-20 18:28:19 --> Session: Class initialized using 'CodeIgniter\Session\Handlers\FileHandler' driver.
INFO - 2023-04-20 18:28:22 --> Session: Class initialized using 'CodeIgniter\Session\Handlers\FileHandler' driver.
INFO - 2023-04-20 18:28:42 --> Session: Class initialized using 'CodeIgniter\Session\Handlers\FileHandler' driver.
INFO - 2023-04-20 18:28:43 --> Session: Class initialized using 'CodeIgniter\Session\Handlers\FileHandler' driver.
