INFO - 2023-04-07 16:37:50 --> Session: Class initialized using 'CodeIgniter\Session\Handlers\FileHandler' driver.
INFO - 2023-04-07 16:38:16 --> Session: Class initialized using 'CodeIgniter\Session\Handlers\FileHandler' driver.
CRITICAL - 2023-04-07 18:09:53 --> Undefined array key "id_devis"
in APPPATH\Views\devis\listeclient.php on line 55.
 1 APPPATH\Views\devis\listeclient.php(55): CodeIgniter\Debug\Exceptions->errorHandler(2, 'Undefined array key "id_devis"', 'APPPATH\\Views\\devis\\listeclient.php', 55)
 2 SYSTEMPATH\View\View.php(213): include('APPPATH\\Views\\devis\\listeclient.php')
 3 SYSTEMPATH\View\View.php(216): CodeIgniter\View\View->CodeIgniter\View\{closure}()
 4 SYSTEMPATH\Common.php(1184): CodeIgniter\View\View->render('devis/listeclient', [], true)
 5 APPPATH\Controllers\AddClientController.php(34): view('devis/listeclient', [...])
 6 SYSTEMPATH\CodeIgniter.php(934): App\Controllers\AddClientController->liste()
 7 SYSTEMPATH\CodeIgniter.php(499): CodeIgniter\CodeIgniter->runController(Object(App\Controllers\AddClientController))
 8 SYSTEMPATH\CodeIgniter.php(368): CodeIgniter\CodeIgniter->handleRequest(null, Object(Config\Cache), false)
 9 FCPATH\index.php(68): CodeIgniter\CodeIgniter->run()
10 SYSTEMPATH\Commands\Server\rewrite.php(47): require_once('FCPATH\\index.php')
INFO - 2023-04-07 22:06:32 --> Session: Class initialized using 'CodeIgniter\Session\Handlers\FileHandler' driver.
INFO - 2023-04-07 22:06:33 --> Session: Class initialized using 'CodeIgniter\Session\Handlers\FileHandler' driver.
INFO - 2023-04-07 22:06:35 --> Session: Class initialized using 'CodeIgniter\Session\Handlers\FileHandler' driver.
INFO - 2023-04-07 22:06:37 --> Session: Class initialized using 'CodeIgniter\Session\Handlers\FileHandler' driver.
CRITICAL - 2023-04-07 22:06:37 --> Undefined variable $fcture
in APPPATH\Controllers\FactureController.php on line 52.
 1 APPPATH\Controllers\FactureController.php(52): CodeIgniter\Debug\Exceptions->errorHandler(2, 'Undefined variable $fcture', 'APPPATH\\Controllers\\FactureController.php', 52)
 2 SYSTEMPATH\CodeIgniter.php(934): App\Controllers\FactureController->index()
 3 SYSTEMPATH\CodeIgniter.php(499): CodeIgniter\CodeIgniter->runController(Object(App\Controllers\FactureController))
 4 SYSTEMPATH\CodeIgniter.php(368): CodeIgniter\CodeIgniter->handleRequest(null, Object(Config\Cache), false)
 5 FCPATH\index.php(68): CodeIgniter\CodeIgniter->run()
 6 SYSTEMPATH\Commands\Server\rewrite.php(47): require_once('FCPATH\\index.php')
INFO - 2023-04-07 22:06:47 --> Session: Class initialized using 'CodeIgniter\Session\Handlers\FileHandler' driver.
INFO - 2023-04-07 22:08:01 --> Session: Class initialized using 'CodeIgniter\Session\Handlers\FileHandler' driver.
INFO - 2023-04-07 22:08:15 --> Session: Class initialized using 'CodeIgniter\Session\Handlers\FileHandler' driver.
INFO - 2023-04-07 22:10:27 --> Session: Class initialized using 'CodeIgniter\Session\Handlers\FileHandler' driver.
INFO - 2023-04-07 22:10:48 --> Session: Class initialized using 'CodeIgniter\Session\Handlers\FileHandler' driver.
INFO - 2023-04-07 22:11:02 --> Session: Class initialized using 'CodeIgniter\Session\Handlers\FileHandler' driver.
INFO - 2023-04-07 22:11:05 --> Session: Class initialized using 'CodeIgniter\Session\Handlers\FileHandler' driver.
INFO - 2023-04-07 22:11:08 --> Session: Class initialized using 'CodeIgniter\Session\Handlers\FileHandler' driver.
INFO - 2023-04-07 22:11:16 --> Session: Class initialized using 'CodeIgniter\Session\Handlers\FileHandler' driver.
INFO - 2023-04-07 22:11:50 --> Session: Class initialized using 'CodeIgniter\Session\Handlers\FileHandler' driver.
CRITICAL - 2023-04-07 22:11:50 --> Undefined variable $fcture
in APPPATH\Controllers\FactureController.php on line 52.
 1 APPPATH\Controllers\FactureController.php(52): CodeIgniter\Debug\Exceptions->errorHandler(2, 'Undefined variable $fcture', 'APPPATH\\Controllers\\FactureController.php', 52)
 2 SYSTEMPATH\CodeIgniter.php(934): App\Controllers\FactureController->index()
 3 SYSTEMPATH\CodeIgniter.php(499): CodeIgniter\CodeIgniter->runController(Object(App\Controllers\FactureController))
 4 SYSTEMPATH\CodeIgniter.php(368): CodeIgniter\CodeIgniter->handleRequest(null, Object(Config\Cache), false)
 5 FCPATH\index.php(68): CodeIgniter\CodeIgniter->run()
 6 SYSTEMPATH\Commands\Server\rewrite.php(47): require_once('FCPATH\\index.php')
INFO - 2023-04-07 22:12:48 --> Session: Class initialized using 'CodeIgniter\Session\Handlers\FileHandler' driver.
CRITICAL - 2023-04-07 22:12:49 --> Undefined variable $fcture
in APPPATH\Controllers\FactureController.php on line 52.
 1 APPPATH\Controllers\FactureController.php(52): CodeIgniter\Debug\Exceptions->errorHandler(2, 'Undefined variable $fcture', 'APPPATH\\Controllers\\FactureController.php', 52)
 2 SYSTEMPATH\CodeIgniter.php(934): App\Controllers\FactureController->index()
 3 SYSTEMPATH\CodeIgniter.php(499): CodeIgniter\CodeIgniter->runController(Object(App\Controllers\FactureController))
 4 SYSTEMPATH\CodeIgniter.php(368): CodeIgniter\CodeIgniter->handleRequest(null, Object(Config\Cache), false)
 5 FCPATH\index.php(68): CodeIgniter\CodeIgniter->run()
 6 SYSTEMPATH\Commands\Server\rewrite.php(47): require_once('FCPATH\\index.php')
INFO - 2023-04-07 22:12:51 --> Session: Class initialized using 'CodeIgniter\Session\Handlers\FileHandler' driver.
CRITICAL - 2023-04-07 22:12:51 --> Undefined variable $fcture
in APPPATH\Controllers\FactureController.php on line 52.
 1 APPPATH\Controllers\FactureController.php(52): CodeIgniter\Debug\Exceptions->errorHandler(2, 'Undefined variable $fcture', 'APPPATH\\Controllers\\FactureController.php', 52)
 2 SYSTEMPATH\CodeIgniter.php(934): App\Controllers\FactureController->index()
 3 SYSTEMPATH\CodeIgniter.php(499): CodeIgniter\CodeIgniter->runController(Object(App\Controllers\FactureController))
 4 SYSTEMPATH\CodeIgniter.php(368): CodeIgniter\CodeIgniter->handleRequest(null, Object(Config\Cache), false)
 5 FCPATH\index.php(68): CodeIgniter\CodeIgniter->run()
 6 SYSTEMPATH\Commands\Server\rewrite.php(47): require_once('FCPATH\\index.php')
INFO - 2023-04-07 22:13:38 --> Session: Class initialized using 'CodeIgniter\Session\Handlers\FileHandler' driver.
CRITICAL - 2023-04-07 22:13:38 --> Undefined array key "titre"
in APPPATH\Views\factures\pages\home.php on line 60.
 1 APPPATH\Views\factures\pages\home.php(60): CodeIgniter\Debug\Exceptions->errorHandler(2, 'Undefined array key "titre"', 'APPPATH\\Views\\factures\\pages\\home.php', 60)
 2 SYSTEMPATH\View\View.php(213): include('APPPATH\\Views\\factures\\pages\\home.php')
 3 SYSTEMPATH\View\View.php(216): CodeIgniter\View\View->CodeIgniter\View\{closure}()
 4 SYSTEMPATH\Common.php(1184): CodeIgniter\View\View->render('factures/pages/home', [], true)
 5 APPPATH\Controllers\FactureController.php(52): view('factures/pages/home', [...])
 6 SYSTEMPATH\CodeIgniter.php(934): App\Controllers\FactureController->index()
 7 SYSTEMPATH\CodeIgniter.php(499): CodeIgniter\CodeIgniter->runController(Object(App\Controllers\FactureController))
 8 SYSTEMPATH\CodeIgniter.php(368): CodeIgniter\CodeIgniter->handleRequest(null, Object(Config\Cache), false)
 9 FCPATH\index.php(68): CodeIgniter\CodeIgniter->run()
10 SYSTEMPATH\Commands\Server\rewrite.php(47): require_once('FCPATH\\index.php')
INFO - 2023-04-07 22:14:22 --> Session: Class initialized using 'CodeIgniter\Session\Handlers\FileHandler' driver.
INFO - 2023-04-07 22:14:51 --> Session: Class initialized using 'CodeIgniter\Session\Handlers\FileHandler' driver.
INFO - 2023-04-07 22:15:05 --> Session: Class initialized using 'CodeIgniter\Session\Handlers\FileHandler' driver.
INFO - 2023-04-07 22:15:56 --> Session: Class initialized using 'CodeIgniter\Session\Handlers\FileHandler' driver.
INFO - 2023-04-07 22:16:14 --> Session: Class initialized using 'CodeIgniter\Session\Handlers\FileHandler' driver.
INFO - 2023-04-07 22:16:23 --> Session: Class initialized using 'CodeIgniter\Session\Handlers\FileHandler' driver.
INFO - 2023-04-07 22:17:01 --> Session: Class initialized using 'CodeIgniter\Session\Handlers\FileHandler' driver.
CRITICAL - 2023-04-07 22:17:04 --> Undefined array key "titre"
in APPPATH\Views\factures\pages\search.php on line 54.
 1 APPPATH\Views\factures\pages\search.php(54): CodeIgniter\Debug\Exceptions->errorHandler(2, 'Undefined array key "titre"', 'APPPATH\\Views\\factures\\pages\\search.php', 54)
 2 SYSTEMPATH\View\View.php(213): include('APPPATH\\Views\\factures\\pages\\search.php')
 3 SYSTEMPATH\View\View.php(216): CodeIgniter\View\View->CodeIgniter\View\{closure}()
 4 SYSTEMPATH\Common.php(1184): CodeIgniter\View\View->render('factures/pages/search', [], true)
 5 APPPATH\Controllers\FactureController.php(79): view('factures/pages/search', [...])
 6 SYSTEMPATH\CodeIgniter.php(934): App\Controllers\FactureController->search()
 7 SYSTEMPATH\CodeIgniter.php(499): CodeIgniter\CodeIgniter->runController(Object(App\Controllers\FactureController))
 8 SYSTEMPATH\CodeIgniter.php(368): CodeIgniter\CodeIgniter->handleRequest(null, Object(Config\Cache), false)
 9 FCPATH\index.php(68): CodeIgniter\CodeIgniter->run()
10 SYSTEMPATH\Commands\Server\rewrite.php(47): require_once('FCPATH\\index.php')
INFO - 2023-04-07 22:17:32 --> Session: Class initialized using 'CodeIgniter\Session\Handlers\FileHandler' driver.
INFO - 2023-04-07 22:17:39 --> Session: Class initialized using 'CodeIgniter\Session\Handlers\FileHandler' driver.
INFO - 2023-04-07 22:17:59 --> Session: Class initialized using 'CodeIgniter\Session\Handlers\FileHandler' driver.
INFO - 2023-04-07 22:18:25 --> Session: Class initialized using 'CodeIgniter\Session\Handlers\FileHandler' driver.
INFO - 2023-04-07 22:20:53 --> Session: Class initialized using 'CodeIgniter\Session\Handlers\FileHandler' driver.
INFO - 2023-04-07 22:20:55 --> Session: Class initialized using 'CodeIgniter\Session\Handlers\FileHandler' driver.
INFO - 2023-04-07 22:20:56 --> Session: Class initialized using 'CodeIgniter\Session\Handlers\FileHandler' driver.
INFO - 2023-04-07 22:20:59 --> Session: Class initialized using 'CodeIgniter\Session\Handlers\FileHandler' driver.
CRITICAL - 2023-04-07 22:21:09 --> Trying to access array offset on value of type null
in APPPATH\Views\factures\pages\editFacture.php on line 16.
 1 APPPATH\Views\factures\pages\editFacture.php(16): CodeIgniter\Debug\Exceptions->errorHandler(2, 'Trying to access array offset on value of type null', 'APPPATH\\Views\\factures\\pages\\editFacture.php', 16)
 2 SYSTEMPATH\View\View.php(213): include('APPPATH\\Views\\factures\\pages\\editFacture.php')
 3 SYSTEMPATH\View\View.php(216): CodeIgniter\View\View->CodeIgniter\View\{closure}()
 4 SYSTEMPATH\Common.php(1184): CodeIgniter\View\View->render('factures/pages/editFacture', [], true)
 5 APPPATH\Controllers\FactureController.php(130): view('factures/pages/editFacture', [...])
 6 SYSTEMPATH\CodeIgniter.php(934): App\Controllers\FactureController->editFacture('2', 'logofms.png')
 7 SYSTEMPATH\CodeIgniter.php(499): CodeIgniter\CodeIgniter->runController(Object(App\Controllers\FactureController))
 8 SYSTEMPATH\CodeIgniter.php(368): CodeIgniter\CodeIgniter->handleRequest(null, Object(Config\Cache), false)
 9 FCPATH\index.php(68): CodeIgniter\CodeIgniter->run()
10 SYSTEMPATH\Commands\Server\rewrite.php(47): require_once('FCPATH\\index.php')
CRITICAL - 2023-04-07 22:26:13 --> Trying to access array offset on value of type null
in APPPATH\Views\factures\pages\editFacture.php on line 16.
 1 APPPATH\Views\factures\pages\editFacture.php(16): CodeIgniter\Debug\Exceptions->errorHandler(2, 'Trying to access array offset on value of type null', 'APPPATH\\Views\\factures\\pages\\editFacture.php', 16)
 2 SYSTEMPATH\View\View.php(213): include('APPPATH\\Views\\factures\\pages\\editFacture.php')
 3 SYSTEMPATH\View\View.php(216): CodeIgniter\View\View->CodeIgniter\View\{closure}()
 4 SYSTEMPATH\Common.php(1184): CodeIgniter\View\View->render('factures/pages/editFacture', [], true)
 5 APPPATH\Controllers\FactureController.php(130): view('factures/pages/editFacture', [...])
 6 SYSTEMPATH\CodeIgniter.php(934): App\Controllers\FactureController->editFacture('2', 'logofms.png')
 7 SYSTEMPATH\CodeIgniter.php(499): CodeIgniter\CodeIgniter->runController(Object(App\Controllers\FactureController))
 8 SYSTEMPATH\CodeIgniter.php(368): CodeIgniter\CodeIgniter->handleRequest(null, Object(Config\Cache), false)
 9 FCPATH\index.php(68): CodeIgniter\CodeIgniter->run()
10 SYSTEMPATH\Commands\Server\rewrite.php(47): require_once('FCPATH\\index.php')
INFO - 2023-04-07 22:27:09 --> Session: Class initialized using 'CodeIgniter\Session\Handlers\FileHandler' driver.
INFO - 2023-04-07 22:27:09 --> Session: Class initialized using 'CodeIgniter\Session\Handlers\FileHandler' driver.
INFO - 2023-04-07 22:28:58 --> Session: Class initialized using 'CodeIgniter\Session\Handlers\FileHandler' driver.
CRITICAL - 2023-04-07 22:29:11 --> Trying to access array offset on value of type null
in APPPATH\Views\factures\pages\editFacture.php on line 16.
 1 APPPATH\Views\factures\pages\editFacture.php(16): CodeIgniter\Debug\Exceptions->errorHandler(2, 'Trying to access array offset on value of type null', 'APPPATH\\Views\\factures\\pages\\editFacture.php', 16)
 2 SYSTEMPATH\View\View.php(213): include('APPPATH\\Views\\factures\\pages\\editFacture.php')
 3 SYSTEMPATH\View\View.php(216): CodeIgniter\View\View->CodeIgniter\View\{closure}()
 4 SYSTEMPATH\Common.php(1184): CodeIgniter\View\View->render('factures/pages/editFacture', [], true)
 5 APPPATH\Controllers\FactureController.php(130): view('factures/pages/editFacture', [...])
 6 SYSTEMPATH\CodeIgniter.php(934): App\Controllers\FactureController->editFacture('2', 'logofms.png')
 7 SYSTEMPATH\CodeIgniter.php(499): CodeIgniter\CodeIgniter->runController(Object(App\Controllers\FactureController))
 8 SYSTEMPATH\CodeIgniter.php(368): CodeIgniter\CodeIgniter->handleRequest(null, Object(Config\Cache), false)
 9 FCPATH\index.php(68): CodeIgniter\CodeIgniter->run()
10 SYSTEMPATH\Commands\Server\rewrite.php(47): require_once('FCPATH\\index.php')
INFO - 2023-04-07 22:29:38 --> Session: Class initialized using 'CodeIgniter\Session\Handlers\FileHandler' driver.
INFO - 2023-04-07 22:29:38 --> Session: Class initialized using 'CodeIgniter\Session\Handlers\FileHandler' driver.
INFO - 2023-04-07 22:29:57 --> Session: Class initialized using 'CodeIgniter\Session\Handlers\FileHandler' driver.
CRITICAL - 2023-04-07 22:30:06 --> Trying to access array offset on value of type null
in APPPATH\Views\factures\pages\editFacture.php on line 16.
 1 APPPATH\Views\factures\pages\editFacture.php(16): CodeIgniter\Debug\Exceptions->errorHandler(2, 'Trying to access array offset on value of type null', 'APPPATH\\Views\\factures\\pages\\editFacture.php', 16)
 2 SYSTEMPATH\View\View.php(213): include('APPPATH\\Views\\factures\\pages\\editFacture.php')
 3 SYSTEMPATH\View\View.php(216): CodeIgniter\View\View->CodeIgniter\View\{closure}()
 4 SYSTEMPATH\Common.php(1184): CodeIgniter\View\View->render('factures/pages/editFacture', [], true)
 5 APPPATH\Controllers\FactureController.php(130): view('factures/pages/editFacture', [...])
 6 SYSTEMPATH\CodeIgniter.php(934): App\Controllers\FactureController->editFacture('2', 'logofms.png')
 7 SYSTEMPATH\CodeIgniter.php(499): CodeIgniter\CodeIgniter->runController(Object(App\Controllers\FactureController))
 8 SYSTEMPATH\CodeIgniter.php(368): CodeIgniter\CodeIgniter->handleRequest(null, Object(Config\Cache), false)
 9 FCPATH\index.php(68): CodeIgniter\CodeIgniter->run()
10 SYSTEMPATH\Commands\Server\rewrite.php(47): require_once('FCPATH\\index.php')
INFO - 2023-04-07 22:30:26 --> Session: Class initialized using 'CodeIgniter\Session\Handlers\FileHandler' driver.
INFO - 2023-04-07 22:30:26 --> Session: Class initialized using 'CodeIgniter\Session\Handlers\FileHandler' driver.
ERROR - 2023-04-07 22:33:30 --> mysqli_sql_exception: Cannot delete or update a parent row: a foreign key constraint fails (`suivifacture`.`facture`, CONSTRAINT `facture_id_paiment_foreign` FOREIGN KEY (`id_paiment`) REFERENCES `paiment` (`id_paiment`)) in C:\xampp\htdocs\codeigniter\second_app\system\Database\MySQLi\Connection.php:295
Stack trace:
#0 C:\xampp\htdocs\codeigniter\second_app\system\Database\MySQLi\Connection.php(295): mysqli->query('DELETE FROM `pa...', 0)
#1 C:\xampp\htdocs\codeigniter\second_app\system\Database\BaseConnection.php(691): CodeIgniter\Database\MySQLi\Connection->execute('DELETE FROM `pa...')
#2 C:\xampp\htdocs\codeigniter\second_app\system\Database\BaseConnection.php(605): CodeIgniter\Database\BaseConnection->simpleQuery('DELETE FROM `pa...')
#3 C:\xampp\htdocs\codeigniter\second_app\system\Database\BaseBuilder.php(2791): CodeIgniter\Database\BaseConnection->query('DELETE FROM `pa...', Array, false)
#4 C:\xampp\htdocs\codeigniter\second_app\system\Model.php(456): CodeIgniter\Database\BaseBuilder->delete()
#5 C:\xampp\htdocs\codeigniter\second_app\system\BaseModel.php(1065): CodeIgniter\Model->doDelete(NULL, false)
#6 C:\xampp\htdocs\codeigniter\second_app\app\Controllers\AddClientController.php(76): CodeIgniter\BaseModel->delete()
#7 C:\xampp\htdocs\codeigniter\second_app\system\CodeIgniter.php(934): App\Controllers\AddClientController->delete('2')
#8 C:\xampp\htdocs\codeigniter\second_app\system\CodeIgniter.php(499): CodeIgniter\CodeIgniter->runController(Object(App\Controllers\AddClientController))
#9 C:\xampp\htdocs\codeigniter\second_app\system\CodeIgniter.php(368): CodeIgniter\CodeIgniter->handleRequest(NULL, Object(Config\Cache), false)
#10 C:\xampp\htdocs\codeigniter\second_app\public\index.php(68): CodeIgniter\CodeIgniter->run()
#11 C:\xampp\htdocs\codeigniter\second_app\system\Commands\Server\rewrite.php(47): require_once('C:\\xampp\\htdocs...')
#12 {main}
CRITICAL - 2023-04-07 22:33:30 --> Cannot delete or update a parent row: a foreign key constraint fails (`suivifacture`.`facture`, CONSTRAINT `facture_id_paiment_foreign` FOREIGN KEY (`id_paiment`) REFERENCES `paiment` (`id_paiment`))
in SYSTEMPATH\Database\BaseConnection.php on line 645.
 1 SYSTEMPATH\Database\BaseBuilder.php(2791): CodeIgniter\Database\BaseConnection->query('DELETE FROM `paiment`
WHERE `id_devis` = :id_devis:', [...], false)
 2 SYSTEMPATH\Model.php(456): CodeIgniter\Database\BaseBuilder->delete()
 3 SYSTEMPATH\BaseModel.php(1065): CodeIgniter\Model->doDelete(null, false)
 4 APPPATH\Controllers\AddClientController.php(76): CodeIgniter\BaseModel->delete()
 5 SYSTEMPATH\CodeIgniter.php(934): App\Controllers\AddClientController->delete('2')
 6 SYSTEMPATH\CodeIgniter.php(499): CodeIgniter\CodeIgniter->runController(Object(App\Controllers\AddClientController))
 7 SYSTEMPATH\CodeIgniter.php(368): CodeIgniter\CodeIgniter->handleRequest(null, Object(Config\Cache), false)
 8 FCPATH\index.php(68): CodeIgniter\CodeIgniter->run()
 9 SYSTEMPATH\Commands\Server\rewrite.php(47): require_once('FCPATH\\index.php')
ERROR - 2023-04-07 22:35:22 --> mysqli_sql_exception: Cannot delete or update a parent row: a foreign key constraint fails (`suivifacture`.`relancement`, CONSTRAINT `relancement_id_client_foreign` FOREIGN KEY (`id_client`) REFERENCES `client` (`id_client`)) in C:\xampp\htdocs\codeigniter\second_app\system\Database\MySQLi\Connection.php:295
Stack trace:
#0 C:\xampp\htdocs\codeigniter\second_app\system\Database\MySQLi\Connection.php(295): mysqli->query('DELETE FROM `cl...', 0)
#1 C:\xampp\htdocs\codeigniter\second_app\system\Database\BaseConnection.php(691): CodeIgniter\Database\MySQLi\Connection->execute('DELETE FROM `cl...')
#2 C:\xampp\htdocs\codeigniter\second_app\system\Database\BaseConnection.php(605): CodeIgniter\Database\BaseConnection->simpleQuery('DELETE FROM `cl...')
#3 C:\xampp\htdocs\codeigniter\second_app\system\Database\BaseBuilder.php(2791): CodeIgniter\Database\BaseConnection->query('DELETE FROM `cl...', Array, false)
#4 C:\xampp\htdocs\codeigniter\second_app\system\Model.php(456): CodeIgniter\Database\BaseBuilder->delete()
#5 C:\xampp\htdocs\codeigniter\second_app\system\BaseModel.php(1065): CodeIgniter\Model->doDelete(NULL, false)
#6 C:\xampp\htdocs\codeigniter\second_app\app\Controllers\AddClientController.php(81): CodeIgniter\BaseModel->delete()
#7 C:\xampp\htdocs\codeigniter\second_app\system\CodeIgniter.php(934): App\Controllers\AddClientController->delete('2')
#8 C:\xampp\htdocs\codeigniter\second_app\system\CodeIgniter.php(499): CodeIgniter\CodeIgniter->runController(Object(App\Controllers\AddClientController))
#9 C:\xampp\htdocs\codeigniter\second_app\system\CodeIgniter.php(368): CodeIgniter\CodeIgniter->handleRequest(NULL, Object(Config\Cache), false)
#10 C:\xampp\htdocs\codeigniter\second_app\public\index.php(68): CodeIgniter\CodeIgniter->run()
#11 C:\xampp\htdocs\codeigniter\second_app\system\Commands\Server\rewrite.php(47): require_once('C:\\xampp\\htdocs...')
#12 {main}
CRITICAL - 2023-04-07 22:35:22 --> Cannot delete or update a parent row: a foreign key constraint fails (`suivifacture`.`relancement`, CONSTRAINT `relancement_id_client_foreign` FOREIGN KEY (`id_client`) REFERENCES `client` (`id_client`))
in SYSTEMPATH\Database\BaseConnection.php on line 645.
 1 SYSTEMPATH\Database\BaseBuilder.php(2791): CodeIgniter\Database\BaseConnection->query('DELETE FROM `client`
WHERE `id_client` = :id_client:', [...], false)
 2 SYSTEMPATH\Model.php(456): CodeIgniter\Database\BaseBuilder->delete()
 3 SYSTEMPATH\BaseModel.php(1065): CodeIgniter\Model->doDelete(null, false)
 4 APPPATH\Controllers\AddClientController.php(81): CodeIgniter\BaseModel->delete()
 5 SYSTEMPATH\CodeIgniter.php(934): App\Controllers\AddClientController->delete('2')
 6 SYSTEMPATH\CodeIgniter.php(499): CodeIgniter\CodeIgniter->runController(Object(App\Controllers\AddClientController))
 7 SYSTEMPATH\CodeIgniter.php(368): CodeIgniter\CodeIgniter->handleRequest(null, Object(Config\Cache), false)
 8 FCPATH\index.php(68): CodeIgniter\CodeIgniter->run()
 9 SYSTEMPATH\Commands\Server\rewrite.php(47): require_once('FCPATH\\index.php')
INFO - 2023-04-07 22:36:50 --> Session: Class initialized using 'CodeIgniter\Session\Handlers\FileHandler' driver.
INFO - 2023-04-07 22:40:12 --> Session: Class initialized using 'CodeIgniter\Session\Handlers\FileHandler' driver.
CRITICAL - 2023-04-07 22:40:12 --> Undefined variable $fcture
in APPPATH\Controllers\FactureController.php on line 52.
 1 APPPATH\Controllers\FactureController.php(52): CodeIgniter\Debug\Exceptions->errorHandler(2, 'Undefined variable $fcture', 'APPPATH\\Controllers\\FactureController.php', 52)
 2 SYSTEMPATH\CodeIgniter.php(934): App\Controllers\FactureController->index()
 3 SYSTEMPATH\CodeIgniter.php(499): CodeIgniter\CodeIgniter->runController(Object(App\Controllers\FactureController))
 4 SYSTEMPATH\CodeIgniter.php(368): CodeIgniter\CodeIgniter->handleRequest(null, Object(Config\Cache), false)
 5 FCPATH\index.php(68): CodeIgniter\CodeIgniter->run()
 6 SYSTEMPATH\Commands\Server\rewrite.php(47): require_once('FCPATH\\index.php')
INFO - 2023-04-07 22:40:18 --> Session: Class initialized using 'CodeIgniter\Session\Handlers\FileHandler' driver.
CRITICAL - 2023-04-07 22:40:18 --> Undefined variable $fcture
in APPPATH\Controllers\FactureController.php on line 52.
 1 APPPATH\Controllers\FactureController.php(52): CodeIgniter\Debug\Exceptions->errorHandler(2, 'Undefined variable $fcture', 'APPPATH\\Controllers\\FactureController.php', 52)
 2 SYSTEMPATH\CodeIgniter.php(934): App\Controllers\FactureController->index()
 3 SYSTEMPATH\CodeIgniter.php(499): CodeIgniter\CodeIgniter->runController(Object(App\Controllers\FactureController))
 4 SYSTEMPATH\CodeIgniter.php(368): CodeIgniter\CodeIgniter->handleRequest(null, Object(Config\Cache), false)
 5 FCPATH\index.php(68): CodeIgniter\CodeIgniter->run()
 6 SYSTEMPATH\Commands\Server\rewrite.php(47): require_once('FCPATH\\index.php')
INFO - 2023-04-07 22:41:24 --> Session: Class initialized using 'CodeIgniter\Session\Handlers\FileHandler' driver.
CRITICAL - 2023-04-07 22:41:24 --> Undefined variable $fcture
in APPPATH\Controllers\FactureController.php on line 51.
 1 APPPATH\Controllers\FactureController.php(51): CodeIgniter\Debug\Exceptions->errorHandler(2, 'Undefined variable $fcture', 'APPPATH\\Controllers\\FactureController.php', 51)
 2 SYSTEMPATH\CodeIgniter.php(934): App\Controllers\FactureController->index()
 3 SYSTEMPATH\CodeIgniter.php(499): CodeIgniter\CodeIgniter->runController(Object(App\Controllers\FactureController))
 4 SYSTEMPATH\CodeIgniter.php(368): CodeIgniter\CodeIgniter->handleRequest(null, Object(Config\Cache), false)
 5 FCPATH\index.php(68): CodeIgniter\CodeIgniter->run()
 6 SYSTEMPATH\Commands\Server\rewrite.php(47): require_once('FCPATH\\index.php')
CRITICAL - 2023-04-07 22:55:29 --> Class "App\Models\StatusPaiment" not found
in APPPATH\Controllers\PDFController.php on line 15.
 1 SYSTEMPATH\CodeIgniter.php(934): App\Controllers\PDFController->download_pdf('04-006')
 2 SYSTEMPATH\CodeIgniter.php(499): CodeIgniter\CodeIgniter->runController(Object(App\Controllers\PDFController))
 3 SYSTEMPATH\CodeIgniter.php(368): CodeIgniter\CodeIgniter->handleRequest(null, Object(Config\Cache), false)
 4 FCPATH\index.php(68): CodeIgniter\CodeIgniter->run()
 5 SYSTEMPATH\Commands\Server\rewrite.php(47): require_once('FCPATH\\index.php')
CRITICAL - 2023-04-07 22:56:29 --> Undefined variable $liste_devis
in APPPATH\Views\devis_pdf.php on line 40.
 1 APPPATH\Views\devis_pdf.php(40): CodeIgniter\Debug\Exceptions->errorHandler(2, 'Undefined variable $liste_devis', 'APPPATH\\Views\\devis_pdf.php', 40)
 2 SYSTEMPATH\View\View.php(213): include('APPPATH\\Views\\devis_pdf.php')
 3 SYSTEMPATH\View\View.php(216): CodeIgniter\View\View->CodeIgniter\View\{closure}()
 4 SYSTEMPATH\Common.php(1184): CodeIgniter\View\View->render('devis_pdf', [], true)
 5 APPPATH\Controllers\DevisController.php(241): view('devis_pdf', [...])
 6 SYSTEMPATH\CodeIgniter.php(934): App\Controllers\DevisController->generate_pdf('04-006')
 7 SYSTEMPATH\CodeIgniter.php(499): CodeIgniter\CodeIgniter->runController(Object(App\Controllers\DevisController))
 8 SYSTEMPATH\CodeIgniter.php(368): CodeIgniter\CodeIgniter->handleRequest(null, Object(Config\Cache), false)
 9 FCPATH\index.php(68): CodeIgniter\CodeIgniter->run()
10 SYSTEMPATH\Commands\Server\rewrite.php(47): require_once('FCPATH\\index.php')
CRITICAL - 2023-04-07 23:01:20 --> Undefined variable $liste_devis
in APPPATH\Views\devis_pdf.php on line 40.
 1 APPPATH\Views\devis_pdf.php(40): CodeIgniter\Debug\Exceptions->errorHandler(2, 'Undefined variable $liste_devis', 'APPPATH\\Views\\devis_pdf.php', 40)
 2 SYSTEMPATH\View\View.php(213): include('APPPATH\\Views\\devis_pdf.php')
 3 SYSTEMPATH\View\View.php(216): CodeIgniter\View\View->CodeIgniter\View\{closure}()
 4 SYSTEMPATH\Common.php(1184): CodeIgniter\View\View->render('devis_pdf', [], true)
 5 APPPATH\Controllers\DevisController.php(241): view('devis_pdf', [...])
 6 SYSTEMPATH\CodeIgniter.php(934): App\Controllers\DevisController->generate_pdf('04-006')
 7 SYSTEMPATH\CodeIgniter.php(499): CodeIgniter\CodeIgniter->runController(Object(App\Controllers\DevisController))
 8 SYSTEMPATH\CodeIgniter.php(368): CodeIgniter\CodeIgniter->handleRequest(null, Object(Config\Cache), false)
 9 FCPATH\index.php(68): CodeIgniter\CodeIgniter->run()
10 SYSTEMPATH\Commands\Server\rewrite.php(47): require_once('FCPATH\\index.php')
CRITICAL - 2023-04-07 23:01:44 --> Undefined variable $liste_devis
in APPPATH\Views\devis_pdf.php on line 40.
 1 APPPATH\Views\devis_pdf.php(40): CodeIgniter\Debug\Exceptions->errorHandler(2, 'Undefined variable $liste_devis', 'APPPATH\\Views\\devis_pdf.php', 40)
 2 SYSTEMPATH\View\View.php(213): include('APPPATH\\Views\\devis_pdf.php')
 3 SYSTEMPATH\View\View.php(216): CodeIgniter\View\View->CodeIgniter\View\{closure}()
 4 SYSTEMPATH\Common.php(1184): CodeIgniter\View\View->render('devis_pdf', [], true)
 5 APPPATH\Controllers\DevisController.php(241): view('devis_pdf', [...])
 6 SYSTEMPATH\CodeIgniter.php(934): App\Controllers\DevisController->generate_pdf('04-006')
 7 SYSTEMPATH\CodeIgniter.php(499): CodeIgniter\CodeIgniter->runController(Object(App\Controllers\DevisController))
 8 SYSTEMPATH\CodeIgniter.php(368): CodeIgniter\CodeIgniter->handleRequest(null, Object(Config\Cache), false)
 9 FCPATH\index.php(68): CodeIgniter\CodeIgniter->run()
10 SYSTEMPATH\Commands\Server\rewrite.php(47): require_once('FCPATH\\index.php')
CRITICAL - 2023-04-07 23:09:15 --> Call to a member function loadHtml() on null
in APPPATH\Controllers\DevisController.php on line 272.
 1 SYSTEMPATH\CodeIgniter.php(934): App\Controllers\DevisController->generatePdfForLine('04-006')
 2 SYSTEMPATH\CodeIgniter.php(499): CodeIgniter\CodeIgniter->runController(Object(App\Controllers\DevisController))
 3 SYSTEMPATH\CodeIgniter.php(368): CodeIgniter\CodeIgniter->handleRequest(null, Object(Config\Cache), false)
 4 FCPATH\index.php(68): CodeIgniter\CodeIgniter->run()
 5 SYSTEMPATH\Commands\Server\rewrite.php(47): require_once('FCPATH\\index.php')
CRITICAL - 2023-04-07 23:14:53 --> Class "App\Controllers\Dompdf" not found
in APPPATH\Controllers\DevisController.php on line 266.
 1 SYSTEMPATH\CodeIgniter.php(934): App\Controllers\DevisController->generatePdfForLine('04-006')
 2 SYSTEMPATH\CodeIgniter.php(499): CodeIgniter\CodeIgniter->runController(Object(App\Controllers\DevisController))
 3 SYSTEMPATH\CodeIgniter.php(368): CodeIgniter\CodeIgniter->handleRequest(null, Object(Config\Cache), false)
 4 FCPATH\index.php(68): CodeIgniter\CodeIgniter->run()
 5 SYSTEMPATH\Commands\Server\rewrite.php(47): require_once('FCPATH\\index.php')
