ERROR - 2023-04-18 00:04:22 --> mysqli_sql_exception: Unknown column 'id_devis' in 'where clause' in C:\xampp\htdocs\codeigniter\second_app\system\Database\MySQLi\Connection.php:295
Stack trace:
#0 C:\xampp\htdocs\codeigniter\second_app\system\Database\MySQLi\Connection.php(295): mysqli->query('DELETE FROM `pa...', 0)
#1 C:\xampp\htdocs\codeigniter\second_app\system\Database\BaseConnection.php(691): CodeIgniter\Database\MySQLi\Connection->execute('DELETE FROM `pa...')
#2 C:\xampp\htdocs\codeigniter\second_app\system\Database\BaseConnection.php(605): CodeIgniter\Database\BaseConnection->simpleQuery('DELETE FROM `pa...')
#3 C:\xampp\htdocs\codeigniter\second_app\system\Database\BaseBuilder.php(2791): CodeIgniter\Database\BaseConnection->query('DELETE FROM `pa...', Array, false)
#4 C:\xampp\htdocs\codeigniter\second_app\system\Model.php(456): CodeIgniter\Database\BaseBuilder->delete()
#5 C:\xampp\htdocs\codeigniter\second_app\system\BaseModel.php(1065): CodeIgniter\Model->doDelete(NULL, false)
#6 C:\xampp\htdocs\codeigniter\second_app\app\Controllers\DevisController.php(179): CodeIgniter\BaseModel->delete()
#7 C:\xampp\htdocs\codeigniter\second_app\system\CodeIgniter.php(934): App\Controllers\DevisController->delete('1', '04-001')
#8 C:\xampp\htdocs\codeigniter\second_app\system\CodeIgniter.php(499): CodeIgniter\CodeIgniter->runController(Object(App\Controllers\DevisController))
#9 C:\xampp\htdocs\codeigniter\second_app\system\CodeIgniter.php(368): CodeIgniter\CodeIgniter->handleRequest(NULL, Object(Config\Cache), false)
#10 C:\xampp\htdocs\codeigniter\second_app\public\index.php(68): CodeIgniter\CodeIgniter->run()
#11 C:\xampp\htdocs\codeigniter\second_app\system\Commands\Server\rewrite.php(47): require_once('C:\\xampp\\htdocs...')
#12 {main}
CRITICAL - 2023-04-18 00:04:22 --> Unknown column 'id_devis' in 'where clause'
in SYSTEMPATH\Database\BaseConnection.php on line 645.
 1 SYSTEMPATH\Database\BaseBuilder.php(2791): CodeIgniter\Database\BaseConnection->query('DELETE FROM `paiment`
WHERE `id_devis` = :id_devis:', [...], false)
 2 SYSTEMPATH\Model.php(456): CodeIgniter\Database\BaseBuilder->delete()
 3 SYSTEMPATH\BaseModel.php(1065): CodeIgniter\Model->doDelete(null, false)
 4 APPPATH\Controllers\DevisController.php(179): CodeIgniter\BaseModel->delete()
 5 SYSTEMPATH\CodeIgniter.php(934): App\Controllers\DevisController->delete('1', '04-001')
 6 SYSTEMPATH\CodeIgniter.php(499): CodeIgniter\CodeIgniter->runController(Object(App\Controllers\DevisController))
 7 SYSTEMPATH\CodeIgniter.php(368): CodeIgniter\CodeIgniter->handleRequest(null, Object(Config\Cache), false)
 8 FCPATH\index.php(68): CodeIgniter\CodeIgniter->run()
 9 SYSTEMPATH\Commands\Server\rewrite.php(47): require_once('FCPATH\\index.php')
