INFO - 2023-05-02 14:21:43 --> Session: Class initialized using 'CodeIgniter\Session\Handlers\FileHandler' driver.
INFO - 2023-05-02 14:22:33 --> Session: Class initialized using 'CodeIgniter\Session\Handlers\FileHandler' driver.
CRITICAL - 2023-05-02 14:25:48 --> Invalid file: "copy.php"
in SYSTEMPATH\Exceptions\FrameworkException.php on line 33.
 1 SYSTEMPATH\View\View.php(201): CodeIgniter\Exceptions\FrameworkException::forInvalidFile('copy.php')
 2 SYSTEMPATH\Common.php(1184): CodeIgniter\View\View->render('copy', [], true)
 3 APPPATH\Controllers\DevisController.php(353): view('copy')
 4 SYSTEMPATH\CodeIgniter.php(934): App\Controllers\DevisController->pdf()
 5 SYSTEMPATH\CodeIgniter.php(499): CodeIgniter\CodeIgniter->runController(Object(App\Controllers\DevisController))
 6 SYSTEMPATH\CodeIgniter.php(368): CodeIgniter\CodeIgniter->handleRequest(null, Object(Config\Cache), false)
 7 FCPATH\index.php(68): CodeIgniter\CodeIgniter->run()
 8 SYSTEMPATH\Commands\Server\rewrite.php(47): require_once('FCPATH\\index.php')
CRITICAL - 2023-05-02 14:26:23 --> Undefined variable $client
in APPPATH\Views\devis\copy.php on line 18.
 1 APPPATH\Views\devis\copy.php(18): CodeIgniter\Debug\Exceptions->errorHandler(2, 'Undefined variable $client', 'APPPATH\\Views\\devis\\copy.php', 18)
 2 SYSTEMPATH\View\View.php(213): include('APPPATH\\Views\\devis\\copy.php')
 3 SYSTEMPATH\View\View.php(216): CodeIgniter\View\View->CodeIgniter\View\{closure}()
 4 SYSTEMPATH\Common.php(1184): CodeIgniter\View\View->render('devis/copy', [], true)
 5 APPPATH\Controllers\DevisController.php(353): view('devis/copy')
 6 SYSTEMPATH\CodeIgniter.php(934): App\Controllers\DevisController->pdf()
 7 SYSTEMPATH\CodeIgniter.php(499): CodeIgniter\CodeIgniter->runController(Object(App\Controllers\DevisController))
 8 SYSTEMPATH\CodeIgniter.php(368): CodeIgniter\CodeIgniter->handleRequest(null, Object(Config\Cache), false)
 9 FCPATH\index.php(68): CodeIgniter\CodeIgniter->run()
10 SYSTEMPATH\Commands\Server\rewrite.php(47): require_once('FCPATH\\index.php')
CRITICAL - 2023-05-02 14:36:30 --> Undefined array key "prenom"
in APPPATH\Views\devis\copy.php on line 18.
 1 APPPATH\Views\devis\copy.php(18): CodeIgniter\Debug\Exceptions->errorHandler(2, 'Undefined array key "prenom"', 'APPPATH\\Views\\devis\\copy.php', 18)
 2 SYSTEMPATH\View\View.php(213): include('APPPATH\\Views\\devis\\copy.php')
 3 SYSTEMPATH\View\View.php(216): CodeIgniter\View\View->CodeIgniter\View\{closure}()
 4 SYSTEMPATH\Common.php(1184): CodeIgniter\View\View->render('devis/copy', [], true)
 5 APPPATH\Controllers\DevisController.php(378): view('devis/copy', [...])
 6 SYSTEMPATH\CodeIgniter.php(934): App\Controllers\DevisController->listpdf('04-001')
 7 SYSTEMPATH\CodeIgniter.php(499): CodeIgniter\CodeIgniter->runController(Object(App\Controllers\DevisController))
 8 SYSTEMPATH\CodeIgniter.php(368): CodeIgniter\CodeIgniter->handleRequest(null, Object(Config\Cache), false)
 9 FCPATH\index.php(68): CodeIgniter\CodeIgniter->run()
10 SYSTEMPATH\Commands\Server\rewrite.php(47): require_once('FCPATH\\index.php')
CRITICAL - 2023-05-02 14:36:39 --> Undefined array key "prenom"
in APPPATH\Views\devis\copy.php on line 18.
 1 APPPATH\Views\devis\copy.php(18): CodeIgniter\Debug\Exceptions->errorHandler(2, 'Undefined array key "prenom"', 'APPPATH\\Views\\devis\\copy.php', 18)
 2 SYSTEMPATH\View\View.php(213): include('APPPATH\\Views\\devis\\copy.php')
 3 SYSTEMPATH\View\View.php(216): CodeIgniter\View\View->CodeIgniter\View\{closure}()
 4 SYSTEMPATH\Common.php(1184): CodeIgniter\View\View->render('devis/copy', [], true)
 5 APPPATH\Controllers\DevisController.php(378): view('devis/copy', [...])
 6 SYSTEMPATH\CodeIgniter.php(934): App\Controllers\DevisController->listpdf('04-001')
 7 SYSTEMPATH\CodeIgniter.php(499): CodeIgniter\CodeIgniter->runController(Object(App\Controllers\DevisController))
 8 SYSTEMPATH\CodeIgniter.php(368): CodeIgniter\CodeIgniter->handleRequest(null, Object(Config\Cache), false)
 9 FCPATH\index.php(68): CodeIgniter\CodeIgniter->run()
10 SYSTEMPATH\Commands\Server\rewrite.php(47): require_once('FCPATH\\index.php')
CRITICAL - 2023-05-02 15:42:33 --> require(ello.php): Failed to open stream: No such file or directory
in APPPATH\Controllers\DevisController.php on line 380.
 1 APPPATH\Controllers\DevisController.php(380): CodeIgniter\Debug\Exceptions->errorHandler(2, 'require(ello.php): Failed to open stream: No such file or directory', 'APPPATH\\Controllers\\DevisController.php', 380)
 2 APPPATH\Controllers\DevisController.php(380): require()
 3 SYSTEMPATH\CodeIgniter.php(934): App\Controllers\DevisController->listpdf('04-001')
 4 SYSTEMPATH\CodeIgniter.php(499): CodeIgniter\CodeIgniter->runController(Object(App\Controllers\DevisController))
 5 SYSTEMPATH\CodeIgniter.php(368): CodeIgniter\CodeIgniter->handleRequest(null, Object(Config\Cache), false)
 6 FCPATH\index.php(68): CodeIgniter\CodeIgniter->run()
 7 SYSTEMPATH\Commands\Server\rewrite.php(47): require_once('FCPATH\\index.php')
CRITICAL - 2023-05-02 15:42:42 --> require(hello.php): Failed to open stream: No such file or directory
in APPPATH\Controllers\DevisController.php on line 380.
 1 APPPATH\Controllers\DevisController.php(380): CodeIgniter\Debug\Exceptions->errorHandler(2, 'require(hello.php): Failed to open stream: No such file or directory', 'APPPATH\\Controllers\\DevisController.php', 380)
 2 APPPATH\Controllers\DevisController.php(380): require()
 3 SYSTEMPATH\CodeIgniter.php(934): App\Controllers\DevisController->listpdf('04-001')
 4 SYSTEMPATH\CodeIgniter.php(499): CodeIgniter\CodeIgniter->runController(Object(App\Controllers\DevisController))
 5 SYSTEMPATH\CodeIgniter.php(368): CodeIgniter\CodeIgniter->handleRequest(null, Object(Config\Cache), false)
 6 FCPATH\index.php(68): CodeIgniter\CodeIgniter->run()
 7 SYSTEMPATH\Commands\Server\rewrite.php(47): require_once('FCPATH\\index.php')
CRITICAL - 2023-05-02 15:45:22 --> require(../Views/hello.php): Failed to open stream: No such file or directory
in APPPATH\Controllers\DevisController.php on line 380.
 1 APPPATH\Controllers\DevisController.php(380): CodeIgniter\Debug\Exceptions->errorHandler(2, 'require(../Views/hello.php): Failed to open stream: No such file or directory', 'APPPATH\\Controllers\\DevisController.php', 380)
 2 APPPATH\Controllers\DevisController.php(380): require()
 3 SYSTEMPATH\CodeIgniter.php(934): App\Controllers\DevisController->listpdf('04-001')
 4 SYSTEMPATH\CodeIgniter.php(499): CodeIgniter\CodeIgniter->runController(Object(App\Controllers\DevisController))
 5 SYSTEMPATH\CodeIgniter.php(368): CodeIgniter\CodeIgniter->handleRequest(null, Object(Config\Cache), false)
 6 FCPATH\index.php(68): CodeIgniter\CodeIgniter->run()
 7 SYSTEMPATH\Commands\Server\rewrite.php(47): require_once('FCPATH\\index.php')
CRITICAL - 2023-05-02 15:45:39 --> require(../views/hello.php): Failed to open stream: No such file or directory
in APPPATH\Controllers\DevisController.php on line 380.
 1 APPPATH\Controllers\DevisController.php(380): CodeIgniter\Debug\Exceptions->errorHandler(2, 'require(../views/hello.php): Failed to open stream: No such file or directory', 'APPPATH\\Controllers\\DevisController.php', 380)
 2 APPPATH\Controllers\DevisController.php(380): require()
 3 SYSTEMPATH\CodeIgniter.php(934): App\Controllers\DevisController->listpdf('04-001')
 4 SYSTEMPATH\CodeIgniter.php(499): CodeIgniter\CodeIgniter->runController(Object(App\Controllers\DevisController))
 5 SYSTEMPATH\CodeIgniter.php(368): CodeIgniter\CodeIgniter->handleRequest(null, Object(Config\Cache), false)
 6 FCPATH\index.php(68): CodeIgniter\CodeIgniter->run()
 7 SYSTEMPATH\Commands\Server\rewrite.php(47): require_once('FCPATH\\index.php')
CRITICAL - 2023-05-02 15:47:29 --> require(../Views/hello.php): Failed to open stream: No such file or directory
in APPPATH\Controllers\DevisController.php on line 380.
 1 APPPATH\Controllers\DevisController.php(380): CodeIgniter\Debug\Exceptions->errorHandler(2, 'require(../Views/hello.php): Failed to open stream: No such file or directory', 'APPPATH\\Controllers\\DevisController.php', 380)
 2 APPPATH\Controllers\DevisController.php(380): require()
 3 SYSTEMPATH\CodeIgniter.php(934): App\Controllers\DevisController->listpdf('04-001')
 4 SYSTEMPATH\CodeIgniter.php(499): CodeIgniter\CodeIgniter->runController(Object(App\Controllers\DevisController))
 5 SYSTEMPATH\CodeIgniter.php(368): CodeIgniter\CodeIgniter->handleRequest(null, Object(Config\Cache), false)
 6 FCPATH\index.php(68): CodeIgniter\CodeIgniter->run()
 7 SYSTEMPATH\Commands\Server\rewrite.php(47): require_once('FCPATH\\index.php')
CRITICAL - 2023-05-02 15:49:14 --> Array to string conversion
in APPPATH\Controllers\hello.php on line 1.
 1 APPPATH\Controllers\hello.php(1): CodeIgniter\Debug\Exceptions->errorHandler(2, 'Array to string conversion', 'APPPATH\\Controllers\\hello.php', 1)
 2 APPPATH\Controllers\DevisController.php(380): require('APPPATH\\Controllers\\hello.php')
 3 SYSTEMPATH\CodeIgniter.php(934): App\Controllers\DevisController->listpdf('04-001')
 4 SYSTEMPATH\CodeIgniter.php(499): CodeIgniter\CodeIgniter->runController(Object(App\Controllers\DevisController))
 5 SYSTEMPATH\CodeIgniter.php(368): CodeIgniter\CodeIgniter->handleRequest(null, Object(Config\Cache), false)
 6 FCPATH\index.php(68): CodeIgniter\CodeIgniter->run()
 7 SYSTEMPATH\Commands\Server\rewrite.php(47): require_once('FCPATH\\index.php')
CRITICAL - 2023-05-02 15:49:43 --> Array to string conversion
in APPPATH\Controllers\hello.php on line 1.
 1 APPPATH\Controllers\hello.php(1): CodeIgniter\Debug\Exceptions->errorHandler(2, 'Array to string conversion', 'APPPATH\\Controllers\\hello.php', 1)
 2 APPPATH\Controllers\DevisController.php(380): require('APPPATH\\Controllers\\hello.php')
 3 SYSTEMPATH\CodeIgniter.php(934): App\Controllers\DevisController->listpdf('04-001')
 4 SYSTEMPATH\CodeIgniter.php(499): CodeIgniter\CodeIgniter->runController(Object(App\Controllers\DevisController))
 5 SYSTEMPATH\CodeIgniter.php(368): CodeIgniter\CodeIgniter->handleRequest(null, Object(Config\Cache), false)
 6 FCPATH\index.php(68): CodeIgniter\CodeIgniter->run()
 7 SYSTEMPATH\Commands\Server\rewrite.php(47): require_once('FCPATH\\index.php')
CRITICAL - 2023-05-02 15:49:50 --> Array to string conversion
in APPPATH\Controllers\hello.php on line 1.
 1 APPPATH\Controllers\hello.php(1): CodeIgniter\Debug\Exceptions->errorHandler(2, 'Array to string conversion', 'APPPATH\\Controllers\\hello.php', 1)
 2 APPPATH\Controllers\DevisController.php(380): require('APPPATH\\Controllers\\hello.php')
 3 SYSTEMPATH\CodeIgniter.php(934): App\Controllers\DevisController->listpdf('04-001')
 4 SYSTEMPATH\CodeIgniter.php(499): CodeIgniter\CodeIgniter->runController(Object(App\Controllers\DevisController))
 5 SYSTEMPATH\CodeIgniter.php(368): CodeIgniter\CodeIgniter->handleRequest(null, Object(Config\Cache), false)
 6 FCPATH\index.php(68): CodeIgniter\CodeIgniter->run()
 7 SYSTEMPATH\Commands\Server\rewrite.php(47): require_once('FCPATH\\index.php')
CRITICAL - 2023-05-02 15:50:21 --> Array to string conversion
in APPPATH\Controllers\hello.php on line 1.
 1 APPPATH\Controllers\hello.php(1): CodeIgniter\Debug\Exceptions->errorHandler(2, 'Array to string conversion', 'APPPATH\\Controllers\\hello.php', 1)
 2 APPPATH\Controllers\DevisController.php(380): require('APPPATH\\Controllers\\hello.php')
 3 SYSTEMPATH\CodeIgniter.php(934): App\Controllers\DevisController->listpdf('04-001')
 4 SYSTEMPATH\CodeIgniter.php(499): CodeIgniter\CodeIgniter->runController(Object(App\Controllers\DevisController))
 5 SYSTEMPATH\CodeIgniter.php(368): CodeIgniter\CodeIgniter->handleRequest(null, Object(Config\Cache), false)
 6 FCPATH\index.php(68): CodeIgniter\CodeIgniter->run()
 7 SYSTEMPATH\Commands\Server\rewrite.php(47): require_once('FCPATH\\index.php')
CRITICAL - 2023-05-02 15:51:32 --> Array to string conversion
in APPPATH\Controllers\hello.php on line 1.
 1 [internal function]: CodeIgniter\Debug\Exceptions->errorHandler(2, 'Array to string conversion', 'APPPATH\\Controllers\\hello.php', 1)
 2 APPPATH\Controllers\hello.php(1): implode(',', [...])
 3 APPPATH\Controllers\DevisController.php(380): require('APPPATH\\Controllers\\hello.php')
 4 SYSTEMPATH\CodeIgniter.php(934): App\Controllers\DevisController->listpdf('04-001')
 5 SYSTEMPATH\CodeIgniter.php(499): CodeIgniter\CodeIgniter->runController(Object(App\Controllers\DevisController))
 6 SYSTEMPATH\CodeIgniter.php(368): CodeIgniter\CodeIgniter->handleRequest(null, Object(Config\Cache), false)
 7 FCPATH\index.php(68): CodeIgniter\CodeIgniter->run()
 8 SYSTEMPATH\Commands\Server\rewrite.php(47): require_once('FCPATH\\index.php')
CRITICAL - 2023-05-02 15:51:33 --> Array to string conversion
in APPPATH\Controllers\hello.php on line 1.
 1 [internal function]: CodeIgniter\Debug\Exceptions->errorHandler(2, 'Array to string conversion', 'APPPATH\\Controllers\\hello.php', 1)
 2 APPPATH\Controllers\hello.php(1): implode(',', [...])
 3 APPPATH\Controllers\DevisController.php(380): require('APPPATH\\Controllers\\hello.php')
 4 SYSTEMPATH\CodeIgniter.php(934): App\Controllers\DevisController->listpdf('04-001')
 5 SYSTEMPATH\CodeIgniter.php(499): CodeIgniter\CodeIgniter->runController(Object(App\Controllers\DevisController))
 6 SYSTEMPATH\CodeIgniter.php(368): CodeIgniter\CodeIgniter->handleRequest(null, Object(Config\Cache), false)
 7 FCPATH\index.php(68): CodeIgniter\CodeIgniter->run()
 8 SYSTEMPATH\Commands\Server\rewrite.php(47): require_once('FCPATH\\index.php')
CRITICAL - 2023-05-02 15:51:36 --> Array to string conversion
in APPPATH\Controllers\hello.php on line 1.
 1 [internal function]: CodeIgniter\Debug\Exceptions->errorHandler(2, 'Array to string conversion', 'APPPATH\\Controllers\\hello.php', 1)
 2 APPPATH\Controllers\hello.php(1): implode(',', [...])
 3 APPPATH\Controllers\DevisController.php(380): require('APPPATH\\Controllers\\hello.php')
 4 SYSTEMPATH\CodeIgniter.php(934): App\Controllers\DevisController->listpdf('04-001')
 5 SYSTEMPATH\CodeIgniter.php(499): CodeIgniter\CodeIgniter->runController(Object(App\Controllers\DevisController))
 6 SYSTEMPATH\CodeIgniter.php(368): CodeIgniter\CodeIgniter->handleRequest(null, Object(Config\Cache), false)
 7 FCPATH\index.php(68): CodeIgniter\CodeIgniter->run()
 8 SYSTEMPATH\Commands\Server\rewrite.php(47): require_once('FCPATH\\index.php')
CRITICAL - 2023-05-02 16:01:44 --> Array to string conversion
in APPPATH\Controllers\hello.php on line 1.
 1 APPPATH\Controllers\hello.php(1): CodeIgniter\Debug\Exceptions->errorHandler(2, 'Array to string conversion', 'APPPATH\\Controllers\\hello.php', 1)
 2 APPPATH\Controllers\DevisController.php(381): require('APPPATH\\Controllers\\hello.php')
 3 SYSTEMPATH\CodeIgniter.php(934): App\Controllers\DevisController->listpdf('04-001')
 4 SYSTEMPATH\CodeIgniter.php(499): CodeIgniter\CodeIgniter->runController(Object(App\Controllers\DevisController))
 5 SYSTEMPATH\CodeIgniter.php(368): CodeIgniter\CodeIgniter->handleRequest(null, Object(Config\Cache), false)
 6 FCPATH\index.php(68): CodeIgniter\CodeIgniter->run()
 7 SYSTEMPATH\Commands\Server\rewrite.php(47): require_once('FCPATH\\index.php')
CRITICAL - 2023-05-02 16:04:37 --> Array to string conversion
in APPPATH\Controllers\hello.php on line 1.
 1 APPPATH\Controllers\hello.php(1): CodeIgniter\Debug\Exceptions->errorHandler(2, 'Array to string conversion', 'APPPATH\\Controllers\\hello.php', 1)
 2 APPPATH\Controllers\DevisController.php(381): require('APPPATH\\Controllers\\hello.php')
 3 SYSTEMPATH\CodeIgniter.php(934): App\Controllers\DevisController->listpdf('04-001')
 4 SYSTEMPATH\CodeIgniter.php(499): CodeIgniter\CodeIgniter->runController(Object(App\Controllers\DevisController))
 5 SYSTEMPATH\CodeIgniter.php(368): CodeIgniter\CodeIgniter->handleRequest(null, Object(Config\Cache), false)
 6 FCPATH\index.php(68): CodeIgniter\CodeIgniter->run()
 7 SYSTEMPATH\Commands\Server\rewrite.php(47): require_once('FCPATH\\index.php')
CRITICAL - 2023-05-02 16:06:48 --> Trying to access array offset on value of type null
in APPPATH\Controllers\hello.php on line 116.
 1 APPPATH\Controllers\hello.php(116): CodeIgniter\Debug\Exceptions->errorHandler(2, 'Trying to access array offset on value of type null', 'APPPATH\\Controllers\\hello.php', 116)
 2 APPPATH\Controllers\DevisController.php(381): require('APPPATH\\Controllers\\hello.php')
 3 SYSTEMPATH\CodeIgniter.php(934): App\Controllers\DevisController->listpdf('04-001')
 4 SYSTEMPATH\CodeIgniter.php(499): CodeIgniter\CodeIgniter->runController(Object(App\Controllers\DevisController))
 5 SYSTEMPATH\CodeIgniter.php(368): CodeIgniter\CodeIgniter->handleRequest(null, Object(Config\Cache), false)
 6 FCPATH\index.php(68): CodeIgniter\CodeIgniter->run()
 7 SYSTEMPATH\Commands\Server\rewrite.php(47): require_once('FCPATH\\index.php')
CRITICAL - 2023-05-02 16:12:16 --> Trying to access array offset on value of type null
in APPPATH\Controllers\hello.php on line 50.
 1 APPPATH\Controllers\hello.php(50): CodeIgniter\Debug\Exceptions->errorHandler(2, 'Trying to access array offset on value of type null', 'APPPATH\\Controllers\\hello.php', 50)
 2 APPPATH\Controllers\DevisController.php(381): require('APPPATH\\Controllers\\hello.php')
 3 SYSTEMPATH\CodeIgniter.php(934): App\Controllers\DevisController->listpdf('04-001')
 4 SYSTEMPATH\CodeIgniter.php(499): CodeIgniter\CodeIgniter->runController(Object(App\Controllers\DevisController))
 5 SYSTEMPATH\CodeIgniter.php(368): CodeIgniter\CodeIgniter->handleRequest(null, Object(Config\Cache), false)
 6 FCPATH\index.php(68): CodeIgniter\CodeIgniter->run()
 7 SYSTEMPATH\Commands\Server\rewrite.php(47): require_once('FCPATH\\index.php')
CRITICAL - 2023-05-02 16:15:08 --> Trying to access array offset on value of type null
in APPPATH\Controllers\hello.php on line 50.
 1 APPPATH\Controllers\hello.php(50): CodeIgniter\Debug\Exceptions->errorHandler(2, 'Trying to access array offset on value of type null', 'APPPATH\\Controllers\\hello.php', 50)
 2 APPPATH\Controllers\DevisController.php(380): require('APPPATH\\Controllers\\hello.php')
 3 SYSTEMPATH\CodeIgniter.php(934): App\Controllers\DevisController->listpdf('04-001')
 4 SYSTEMPATH\CodeIgniter.php(499): CodeIgniter\CodeIgniter->runController(Object(App\Controllers\DevisController))
 5 SYSTEMPATH\CodeIgniter.php(368): CodeIgniter\CodeIgniter->handleRequest(null, Object(Config\Cache), false)
 6 FCPATH\index.php(68): CodeIgniter\CodeIgniter->run()
 7 SYSTEMPATH\Commands\Server\rewrite.php(47): require_once('FCPATH\\index.php')
CRITICAL - 2023-05-02 16:18:05 --> Trying to access array offset on value of type null
in APPPATH\Controllers\hello.php on line 50.
 1 APPPATH\Controllers\hello.php(50): CodeIgniter\Debug\Exceptions->errorHandler(2, 'Trying to access array offset on value of type null', 'APPPATH\\Controllers\\hello.php', 50)
 2 APPPATH\Controllers\DevisController.php(380): require('APPPATH\\Controllers\\hello.php')
 3 SYSTEMPATH\CodeIgniter.php(934): App\Controllers\DevisController->listpdf('04-001')
 4 SYSTEMPATH\CodeIgniter.php(499): CodeIgniter\CodeIgniter->runController(Object(App\Controllers\DevisController))
 5 SYSTEMPATH\CodeIgniter.php(368): CodeIgniter\CodeIgniter->handleRequest(null, Object(Config\Cache), false)
 6 FCPATH\index.php(68): CodeIgniter\CodeIgniter->run()
 7 SYSTEMPATH\Commands\Server\rewrite.php(47): require_once('FCPATH\\index.php')
CRITICAL - 2023-05-02 16:21:42 --> Trying to access array offset on value of type null
in APPPATH\Controllers\hello.php on line 50.
 1 APPPATH\Controllers\hello.php(50): CodeIgniter\Debug\Exceptions->errorHandler(2, 'Trying to access array offset on value of type null', 'APPPATH\\Controllers\\hello.php', 50)
 2 APPPATH\Controllers\DevisController.php(370): require('APPPATH\\Controllers\\hello.php')
 3 SYSTEMPATH\CodeIgniter.php(934): App\Controllers\DevisController->listpdf('04-001')
 4 SYSTEMPATH\CodeIgniter.php(499): CodeIgniter\CodeIgniter->runController(Object(App\Controllers\DevisController))
 5 SYSTEMPATH\CodeIgniter.php(368): CodeIgniter\CodeIgniter->handleRequest(null, Object(Config\Cache), false)
 6 FCPATH\index.php(68): CodeIgniter\CodeIgniter->run()
 7 SYSTEMPATH\Commands\Server\rewrite.php(47): require_once('FCPATH\\index.php')
CRITICAL - 2023-05-02 16:30:32 --> Trying to access array offset on value of type null
in APPPATH\Controllers\hello.php on line 50.
 1 APPPATH\Controllers\hello.php(50): CodeIgniter\Debug\Exceptions->errorHandler(2, 'Trying to access array offset on value of type null', 'APPPATH\\Controllers\\hello.php', 50)
 2 APPPATH\Controllers\DevisController.php(370): require('APPPATH\\Controllers\\hello.php')
 3 SYSTEMPATH\CodeIgniter.php(934): App\Controllers\DevisController->listpdf('04-001')
 4 SYSTEMPATH\CodeIgniter.php(499): CodeIgniter\CodeIgniter->runController(Object(App\Controllers\DevisController))
 5 SYSTEMPATH\CodeIgniter.php(368): CodeIgniter\CodeIgniter->handleRequest(null, Object(Config\Cache), false)
 6 FCPATH\index.php(68): CodeIgniter\CodeIgniter->run()
 7 SYSTEMPATH\Commands\Server\rewrite.php(47): require_once('FCPATH\\index.php')
INFO - 2023-05-02 16:46:59 --> Session: Class initialized using 'CodeIgniter\Session\Handlers\FileHandler' driver.
INFO - 2023-05-02 16:47:08 --> Session: Class initialized using 'CodeIgniter\Session\Handlers\FileHandler' driver.
INFO - 2023-05-02 16:47:20 --> Session: Class initialized using 'CodeIgniter\Session\Handlers\FileHandler' driver.
INFO - 2023-05-02 16:47:28 --> Session: Class initialized using 'CodeIgniter\Session\Handlers\FileHandler' driver.
INFO - 2023-05-02 16:47:59 --> Session: Class initialized using 'CodeIgniter\Session\Handlers\FileHandler' driver.
CRITICAL - 2023-05-02 17:34:03 --> Options should have the form ["wrappername"]["optionname"] = $value
in APPPATH\Controllers\DevisController.php on line 384.
 1 APPPATH\Controllers\DevisController.php(384): stream_context_create([...])
 2 SYSTEMPATH\CodeIgniter.php(934): App\Controllers\DevisController->listpdf('04-001')
 3 SYSTEMPATH\CodeIgniter.php(499): CodeIgniter\CodeIgniter->runController(Object(App\Controllers\DevisController))
 4 SYSTEMPATH\CodeIgniter.php(368): CodeIgniter\CodeIgniter->handleRequest(null, Object(Config\Cache), false)
 5 FCPATH\index.php(68): CodeIgniter\CodeIgniter->run()
 6 SYSTEMPATH\Commands\Server\rewrite.php(47): require_once('FCPATH\\index.php')
CRITICAL - 2023-05-02 17:41:44 --> Options should have the form ["wrappername"]["optionname"] = $value
in APPPATH\Controllers\DevisController.php on line 388.
 1 APPPATH\Controllers\DevisController.php(388): stream_context_create([...])
 2 SYSTEMPATH\CodeIgniter.php(934): App\Controllers\DevisController->listpdf('04-001')
 3 SYSTEMPATH\CodeIgniter.php(499): CodeIgniter\CodeIgniter->runController(Object(App\Controllers\DevisController))
 4 SYSTEMPATH\CodeIgniter.php(368): CodeIgniter\CodeIgniter->handleRequest(null, Object(Config\Cache), false)
 5 FCPATH\index.php(68): CodeIgniter\CodeIgniter->run()
 6 SYSTEMPATH\Commands\Server\rewrite.php(47): require_once('FCPATH\\index.php')
CRITICAL - 2023-05-02 17:41:52 --> Options should have the form ["wrappername"]["optionname"] = $value
in APPPATH\Controllers\DevisController.php on line 388.
 1 APPPATH\Controllers\DevisController.php(388): stream_context_create([...])
 2 SYSTEMPATH\CodeIgniter.php(934): App\Controllers\DevisController->listpdf('04-001')
 3 SYSTEMPATH\CodeIgniter.php(499): CodeIgniter\CodeIgniter->runController(Object(App\Controllers\DevisController))
 4 SYSTEMPATH\CodeIgniter.php(368): CodeIgniter\CodeIgniter->handleRequest(null, Object(Config\Cache), false)
 5 FCPATH\index.php(68): CodeIgniter\CodeIgniter->run()
 6 SYSTEMPATH\Commands\Server\rewrite.php(47): require_once('FCPATH\\index.php')
CRITICAL - 2023-05-02 17:45:59 --> Options should have the form ["wrappername"]["optionname"] = $value
in APPPATH\Controllers\DevisController.php on line 408.
 1 APPPATH\Controllers\DevisController.php(408): stream_context_create([...])
 2 SYSTEMPATH\CodeIgniter.php(934): App\Controllers\DevisController->listpdf('04-001')
 3 SYSTEMPATH\CodeIgniter.php(499): CodeIgniter\CodeIgniter->runController(Object(App\Controllers\DevisController))
 4 SYSTEMPATH\CodeIgniter.php(368): CodeIgniter\CodeIgniter->handleRequest(null, Object(Config\Cache), false)
 5 FCPATH\index.php(68): CodeIgniter\CodeIgniter->run()
 6 SYSTEMPATH\Commands\Server\rewrite.php(47): require_once('FCPATH\\index.php')
