ERROR - 2023-03-27 09:32:49 --> Error connecting to the database: mysqli_sql_exception: No connection could be made because the target machine actively refused it in C:\xampp\htdocs\codeigniter\second_app\system\Database\MySQLi\Connection.php:174
Stack trace:
#0 C:\xampp\htdocs\codeigniter\second_app\system\Database\MySQLi\Connection.php(174): mysqli->real_connect('localhost', 'root', '', 'suivifacture', 3306, '', 0)
#1 C:\xampp\htdocs\codeigniter\second_app\system\Database\BaseConnection.php(391): CodeIgniter\Database\MySQLi\Connection->connect(false)
#2 C:\xampp\htdocs\codeigniter\second_app\system\Database\BaseConnection.php(573): CodeIgniter\Database\BaseConnection->initialize()
#3 C:\xampp\htdocs\codeigniter\second_app\system\Database\BaseBuilder.php(1616): CodeIgniter\Database\BaseConnection->query('SELECT `nom_com...', Array, false)
#4 C:\xampp\htdocs\codeigniter\second_app\system\Model.php(840): CodeIgniter\Database\BaseBuilder->get()
#5 C:\xampp\htdocs\codeigniter\second_app\app\Controllers\AuthController.php(26): CodeIgniter\Model->__call('get', Array)
#6 C:\xampp\htdocs\codeigniter\second_app\system\CodeIgniter.php(934): App\Controllers\AuthController->login()
#7 C:\xampp\htdocs\codeigniter\second_app\system\CodeIgniter.php(499): CodeIgniter\CodeIgniter->runController(Object(App\Controllers\AuthController))
#8 C:\xampp\htdocs\codeigniter\second_app\system\CodeIgniter.php(368): CodeIgniter\CodeIgniter->handleRequest(NULL, Object(Config\Cache), false)
#9 C:\xampp\htdocs\codeigniter\second_app\public\index.php(68): CodeIgniter\CodeIgniter->run()
#10 C:\xampp\htdocs\codeigniter\second_app\system\Commands\Server\rewrite.php(47): require_once('C:\\xampp\\htdocs...')
#11 {main}

Next CodeIgniter\Database\Exceptions\DatabaseException: No connection could be made because the target machine actively refused it in C:\xampp\htdocs\codeigniter\second_app\system\Database\MySQLi\Connection.php:218
Stack trace:
#0 C:\xampp\htdocs\codeigniter\second_app\system\Database\BaseConnection.php(391): CodeIgniter\Database\MySQLi\Connection->connect(false)
#1 C:\xampp\htdocs\codeigniter\second_app\system\Database\BaseConnection.php(573): CodeIgniter\Database\BaseConnection->initialize()
#2 C:\xampp\htdocs\codeigniter\second_app\system\Database\BaseBuilder.php(1616): CodeIgniter\Database\BaseConnection->query('SELECT `nom_com...', Array, false)
#3 C:\xampp\htdocs\codeigniter\second_app\system\Model.php(840): CodeIgniter\Database\BaseBuilder->get()
#4 C:\xampp\htdocs\codeigniter\second_app\app\Controllers\AuthController.php(26): CodeIgniter\Model->__call('get', Array)
#5 C:\xampp\htdocs\codeigniter\second_app\system\CodeIgniter.php(934): App\Controllers\AuthController->login()
#6 C:\xampp\htdocs\codeigniter\second_app\system\CodeIgniter.php(499): CodeIgniter\CodeIgniter->runController(Object(App\Controllers\AuthController))
#7 C:\xampp\htdocs\codeigniter\second_app\system\CodeIgniter.php(368): CodeIgniter\CodeIgniter->handleRequest(NULL, Object(Config\Cache), false)
#8 C:\xampp\htdocs\codeigniter\second_app\public\index.php(68): CodeIgniter\CodeIgniter->run()
#9 C:\xampp\htdocs\codeigniter\second_app\system\Commands\Server\rewrite.php(47): require_once('C:\\xampp\\htdocs...')
#10 {main}
CRITICAL - 2023-03-27 09:32:49 --> Unable to connect to the database.
Main connection [MySQLi]: No connection could be made because the target machine actively refused it
in SYSTEMPATH\Database\BaseConnection.php on line 427.
 1 SYSTEMPATH\Database\BaseConnection.php(573): CodeIgniter\Database\BaseConnection->initialize()
 2 SYSTEMPATH\Database\BaseBuilder.php(1616): CodeIgniter\Database\BaseConnection->query('SELECT `nom_complet`
FROM `admin`
WHERE `email` = :email:
AND `password` = :password:', [...], false)
 3 SYSTEMPATH\Model.php(840): CodeIgniter\Database\BaseBuilder->get()
 4 APPPATH\Controllers\AuthController.php(26): CodeIgniter\Model->__call('get', [])
 5 SYSTEMPATH\CodeIgniter.php(934): App\Controllers\AuthController->login()
 6 SYSTEMPATH\CodeIgniter.php(499): CodeIgniter\CodeIgniter->runController(Object(App\Controllers\AuthController))
 7 SYSTEMPATH\CodeIgniter.php(368): CodeIgniter\CodeIgniter->handleRequest(null, Object(Config\Cache), false)
 8 FCPATH\index.php(68): CodeIgniter\CodeIgniter->run()
 9 SYSTEMPATH\Commands\Server\rewrite.php(47): require_once('FCPATH\\index.php')
INFO - 2023-03-27 09:33:10 --> Session: Class initialized using 'CodeIgniter\Session\Handlers\FileHandler' driver.
INFO - 2023-03-27 09:33:12 --> Session: Class initialized using 'CodeIgniter\Session\Handlers\FileHandler' driver.
INFO - 2023-03-27 09:38:00 --> Session: Class initialized using 'CodeIgniter\Session\Handlers\FileHandler' driver.
INFO - 2023-03-27 09:38:01 --> Session: Class initialized using 'CodeIgniter\Session\Handlers\FileHandler' driver.
INFO - 2023-03-27 09:38:04 --> Session: Class initialized using 'CodeIgniter\Session\Handlers\FileHandler' driver.
INFO - 2023-03-27 09:40:26 --> Session: Class initialized using 'CodeIgniter\Session\Handlers\FileHandler' driver.
INFO - 2023-03-27 09:40:28 --> Session: Class initialized using 'CodeIgniter\Session\Handlers\FileHandler' driver.
INFO - 2023-03-27 09:40:55 --> Session: Class initialized using 'CodeIgniter\Session\Handlers\FileHandler' driver.
INFO - 2023-03-27 09:41:01 --> Session: Class initialized using 'CodeIgniter\Session\Handlers\FileHandler' driver.
INFO - 2023-03-27 09:41:21 --> Session: Class initialized using 'CodeIgniter\Session\Handlers\FileHandler' driver.
INFO - 2023-03-27 09:45:32 --> Session: Class initialized using 'CodeIgniter\Session\Handlers\FileHandler' driver.
INFO - 2023-03-27 09:46:23 --> Session: Class initialized using 'CodeIgniter\Session\Handlers\FileHandler' driver.
INFO - 2023-03-27 09:46:24 --> Session: Class initialized using 'CodeIgniter\Session\Handlers\FileHandler' driver.
INFO - 2023-03-27 09:46:54 --> Session: Class initialized using 'CodeIgniter\Session\Handlers\FileHandler' driver.
INFO - 2023-03-27 09:46:55 --> Session: Class initialized using 'CodeIgniter\Session\Handlers\FileHandler' driver.
INFO - 2023-03-27 09:54:37 --> Session: Class initialized using 'CodeIgniter\Session\Handlers\FileHandler' driver.
INFO - 2023-03-27 09:54:38 --> Session: Class initialized using 'CodeIgniter\Session\Handlers\FileHandler' driver.
INFO - 2023-03-27 09:59:47 --> Session: Class initialized using 'CodeIgniter\Session\Handlers\FileHandler' driver.
INFO - 2023-03-27 09:59:49 --> Session: Class initialized using 'CodeIgniter\Session\Handlers\FileHandler' driver.
INFO - 2023-03-27 10:01:05 --> Session: Class initialized using 'CodeIgniter\Session\Handlers\FileHandler' driver.
INFO - 2023-03-27 10:01:07 --> Session: Class initialized using 'CodeIgniter\Session\Handlers\FileHandler' driver.
INFO - 2023-03-27 10:01:30 --> Session: Class initialized using 'CodeIgniter\Session\Handlers\FileHandler' driver.
INFO - 2023-03-27 10:01:50 --> Session: Class initialized using 'CodeIgniter\Session\Handlers\FileHandler' driver.
INFO - 2023-03-27 10:01:53 --> Session: Class initialized using 'CodeIgniter\Session\Handlers\FileHandler' driver.
INFO - 2023-03-27 10:01:55 --> Session: Class initialized using 'CodeIgniter\Session\Handlers\FileHandler' driver.
INFO - 2023-03-27 10:02:10 --> Session: Class initialized using 'CodeIgniter\Session\Handlers\FileHandler' driver.
INFO - 2023-03-27 10:02:14 --> Session: Class initialized using 'CodeIgniter\Session\Handlers\FileHandler' driver.
INFO - 2023-03-27 10:02:15 --> Session: Class initialized using 'CodeIgniter\Session\Handlers\FileHandler' driver.
INFO - 2023-03-27 10:02:37 --> Session: Class initialized using 'CodeIgniter\Session\Handlers\FileHandler' driver.
INFO - 2023-03-27 10:02:42 --> Session: Class initialized using 'CodeIgniter\Session\Handlers\FileHandler' driver.
INFO - 2023-03-27 10:02:44 --> Session: Class initialized using 'CodeIgniter\Session\Handlers\FileHandler' driver.
INFO - 2023-03-27 10:02:54 --> Session: Class initialized using 'CodeIgniter\Session\Handlers\FileHandler' driver.
INFO - 2023-03-27 10:02:55 --> Session: Class initialized using 'CodeIgniter\Session\Handlers\FileHandler' driver.
INFO - 2023-03-27 10:03:03 --> Session: Class initialized using 'CodeIgniter\Session\Handlers\FileHandler' driver.
INFO - 2023-03-27 10:03:15 --> Session: Class initialized using 'CodeIgniter\Session\Handlers\FileHandler' driver.
INFO - 2023-03-27 10:03:16 --> Session: Class initialized using 'CodeIgniter\Session\Handlers\FileHandler' driver.
INFO - 2023-03-27 10:03:39 --> Session: Class initialized using 'CodeIgniter\Session\Handlers\FileHandler' driver.
INFO - 2023-03-27 11:56:12 --> Session: Class initialized using 'CodeIgniter\Session\Handlers\FileHandler' driver.
INFO - 2023-03-27 12:00:11 --> Session: Class initialized using 'CodeIgniter\Session\Handlers\FileHandler' driver.
INFO - 2023-03-27 12:24:51 --> Session: Class initialized using 'CodeIgniter\Session\Handlers\FileHandler' driver.
INFO - 2023-03-27 12:25:10 --> Session: Class initialized using 'CodeIgniter\Session\Handlers\FileHandler' driver.
INFO - 2023-03-27 12:25:27 --> Session: Class initialized using 'CodeIgniter\Session\Handlers\FileHandler' driver.
INFO - 2023-03-27 12:28:15 --> Session: Class initialized using 'CodeIgniter\Session\Handlers\FileHandler' driver.
INFO - 2023-03-27 12:34:25 --> Session: Class initialized using 'CodeIgniter\Session\Handlers\FileHandler' driver.
INFO - 2023-03-27 12:34:48 --> Session: Class initialized using 'CodeIgniter\Session\Handlers\FileHandler' driver.
INFO - 2023-03-27 12:35:23 --> Session: Class initialized using 'CodeIgniter\Session\Handlers\FileHandler' driver.
INFO - 2023-03-27 12:47:21 --> Session: Class initialized using 'CodeIgniter\Session\Handlers\FileHandler' driver.
INFO - 2023-03-27 13:00:25 --> Session: Class initialized using 'CodeIgniter\Session\Handlers\FileHandler' driver.
INFO - 2023-03-27 13:35:07 --> Session: Class initialized using 'CodeIgniter\Session\Handlers\FileHandler' driver.
INFO - 2023-03-27 13:35:21 --> Session: Class initialized using 'CodeIgniter\Session\Handlers\FileHandler' driver.
INFO - 2023-03-27 13:39:42 --> Session: Class initialized using 'CodeIgniter\Session\Handlers\FileHandler' driver.
INFO - 2023-03-27 13:42:44 --> Session: Class initialized using 'CodeIgniter\Session\Handlers\FileHandler' driver.
INFO - 2023-03-27 13:43:39 --> Session: Class initialized using 'CodeIgniter\Session\Handlers\FileHandler' driver.
INFO - 2023-03-27 13:44:36 --> Session: Class initialized using 'CodeIgniter\Session\Handlers\FileHandler' driver.
INFO - 2023-03-27 13:47:25 --> Session: Class initialized using 'CodeIgniter\Session\Handlers\FileHandler' driver.
INFO - 2023-03-27 13:48:54 --> Session: Class initialized using 'CodeIgniter\Session\Handlers\FileHandler' driver.
INFO - 2023-03-27 14:04:57 --> Session: Class initialized using 'CodeIgniter\Session\Handlers\FileHandler' driver.
INFO - 2023-03-27 14:05:01 --> Session: Class initialized using 'CodeIgniter\Session\Handlers\FileHandler' driver.
INFO - 2023-03-27 14:05:34 --> Session: Class initialized using 'CodeIgniter\Session\Handlers\FileHandler' driver.
INFO - 2023-03-27 14:05:36 --> Session: Class initialized using 'CodeIgniter\Session\Handlers\FileHandler' driver.
INFO - 2023-03-27 14:07:56 --> Session: Class initialized using 'CodeIgniter\Session\Handlers\FileHandler' driver.
INFO - 2023-03-27 14:09:18 --> Session: Class initialized using 'CodeIgniter\Session\Handlers\FileHandler' driver.
INFO - 2023-03-27 14:12:04 --> Session: Class initialized using 'CodeIgniter\Session\Handlers\FileHandler' driver.
INFO - 2023-03-27 14:12:22 --> Session: Class initialized using 'CodeIgniter\Session\Handlers\FileHandler' driver.
INFO - 2023-03-27 15:25:49 --> Session: Class initialized using 'CodeIgniter\Session\Handlers\FileHandler' driver.
CRITICAL - 2023-03-27 15:25:49 --> Invalid file: "pages/tables/basicTable.php"
in SYSTEMPATH\Exceptions\FrameworkException.php on line 33.
 1 SYSTEMPATH\View\View.php(201): CodeIgniter\Exceptions\FrameworkException::forInvalidFile('pages/tables/basicTable.php')
 2 SYSTEMPATH\Common.php(1184): CodeIgniter\View\View->render('pages/tables/basicTable', [], true)
 3 APPPATH\Controllers\RelanceController.php(27): view('pages/tables/basicTable', [...])
 4 SYSTEMPATH\CodeIgniter.php(934): App\Controllers\RelanceController->Relance()
 5 SYSTEMPATH\CodeIgniter.php(499): CodeIgniter\CodeIgniter->runController(Object(App\Controllers\RelanceController))
 6 SYSTEMPATH\CodeIgniter.php(368): CodeIgniter\CodeIgniter->handleRequest(null, Object(Config\Cache), false)
 7 FCPATH\index.php(68): CodeIgniter\CodeIgniter->run()
 8 SYSTEMPATH\Commands\Server\rewrite.php(47): require_once('FCPATH\\index.php')
INFO - 2023-03-27 23:36:41 --> Session: Class initialized using 'CodeIgniter\Session\Handlers\FileHandler' driver.
ERROR - 2023-03-27 23:49:34 --> mysqli_sql_exception: Can't create table `suivifacture`.`devis` (errno: 150 "Foreign key constraint is incorrectly formed") in C:\xampp\htdocs\codeigniter\second_app\system\Database\MySQLi\Connection.php:295
Stack trace:
#0 C:\xampp\htdocs\codeigniter\second_app\system\Database\MySQLi\Connection.php(295): mysqli->query('CREATE TABLE `d...', 0)
#1 C:\xampp\htdocs\codeigniter\second_app\system\Database\BaseConnection.php(691): CodeIgniter\Database\MySQLi\Connection->execute('CREATE TABLE `d...')
#2 C:\xampp\htdocs\codeigniter\second_app\system\Database\BaseConnection.php(605): CodeIgniter\Database\BaseConnection->simpleQuery('CREATE TABLE `d...')
#3 C:\xampp\htdocs\codeigniter\second_app\system\Database\Forge.php(546): CodeIgniter\Database\BaseConnection->query('CREATE TABLE `d...')
#4 C:\xampp\htdocs\codeigniter\second_app\app\Database\Migrations\2023-03-20-145834_Devis.php(42): CodeIgniter\Database\Forge->createTable('devis')
#5 C:\xampp\htdocs\codeigniter\second_app\system\Database\MigrationRunner.php(877): App\Database\Migrations\Devis->up()
#6 C:\xampp\htdocs\codeigniter\second_app\system\Database\MigrationRunner.php(188): CodeIgniter\Database\MigrationRunner->migrate('up', Object(stdClass))
#7 C:\xampp\htdocs\codeigniter\second_app\system\Commands\Database\Migrate.php(84): CodeIgniter\Database\MigrationRunner->latest(NULL)
#8 C:\xampp\htdocs\codeigniter\second_app\system\CLI\Commands.php(65): CodeIgniter\Commands\Database\Migrate->run(Array)
#9 C:\xampp\htdocs\codeigniter\second_app\system\CLI\Console.php(37): CodeIgniter\CLI\Commands->run('migrate', Array)
#10 C:\xampp\htdocs\codeigniter\second_app\spark(97): CodeIgniter\CLI\Console->run()
#11 {main}
ERROR - 2023-03-27 23:50:04 --> mysqli_sql_exception: Can't create table `suivifacture`.`lignecommande` (errno: 150 "Foreign key constraint is incorrectly formed") in C:\xampp\htdocs\codeigniter\second_app\system\Database\MySQLi\Connection.php:295
Stack trace:
#0 C:\xampp\htdocs\codeigniter\second_app\system\Database\MySQLi\Connection.php(295): mysqli->query('CREATE TABLE `l...', 0)
#1 C:\xampp\htdocs\codeigniter\second_app\system\Database\BaseConnection.php(691): CodeIgniter\Database\MySQLi\Connection->execute('CREATE TABLE `l...')
#2 C:\xampp\htdocs\codeigniter\second_app\system\Database\BaseConnection.php(605): CodeIgniter\Database\BaseConnection->simpleQuery('CREATE TABLE `l...')
#3 C:\xampp\htdocs\codeigniter\second_app\system\Database\Forge.php(546): CodeIgniter\Database\BaseConnection->query('CREATE TABLE `l...')
#4 C:\xampp\htdocs\codeigniter\second_app\app\Database\Migrations\2023-03-27-233934_LigneCommande.php(32): CodeIgniter\Database\Forge->createTable('lignecommande')
#5 C:\xampp\htdocs\codeigniter\second_app\system\Database\MigrationRunner.php(877): App\Database\Migrations\LigneCommande->up()
#6 C:\xampp\htdocs\codeigniter\second_app\system\Database\MigrationRunner.php(188): CodeIgniter\Database\MigrationRunner->migrate('up', Object(stdClass))
#7 C:\xampp\htdocs\codeigniter\second_app\system\Commands\Database\Migrate.php(84): CodeIgniter\Database\MigrationRunner->latest(NULL)
#8 C:\xampp\htdocs\codeigniter\second_app\system\CLI\Commands.php(65): CodeIgniter\Commands\Database\Migrate->run(Array)
#9 C:\xampp\htdocs\codeigniter\second_app\system\CLI\Console.php(37): CodeIgniter\CLI\Commands->run('migrate', Array)
#10 C:\xampp\htdocs\codeigniter\second_app\spark(97): CodeIgniter\CLI\Console->run()
#11 {main}
